#
# There is insufficient memory for the Java Runtime Environment to continue.
# Native memory allocation (malloc) failed to allocate 75616 bytes for Chunk::new
# Possible reasons:
#   The system is out of physical RAM or swap space
#   The process is running with CompressedOops enabled, and the Java Heap may be blocking the growth of the native heap
# Possible solutions:
#   Reduce memory load on the system
#   Increase physical memory or swap space
#   Check if swap backing store is full
#   Decrease Java heap size (-Xmx/-Xms)
#   Decrease number of Java threads
#   Decrease Java thread stack sizes (-Xss)
#   Set larger code cache with -XX:ReservedCodeCacheSize=
#   JVM is running with Unscaled Compressed Oops mode in which the Java heap is
#     placed in the first 4GB address space. The Java Heap base address is the
#     maximum limit for the native heap growth. Please use -XX:HeapBaseMinAddress
#     to set the Java Heap base and to place the Java Heap above 4GB virtual address.
# This output file may be truncated or incomplete.
#
#  Out of Memory Error (t:/workspace/open/src/hotspot/share/memory/arena.cpp:197), pid=1512, tid=11340
#
# JRE version: Java(TM) SE Runtime Environment (11.0.5+10) (build 11.0.5+10-LTS)
# Java VM: Java HotSpot(TM) 64-Bit Server VM (11.0.5+10-LTS, mixed mode, tiered, compressed oops, g1 gc, windows-amd64)
# No core dump will be written. Minidumps are not enabled by default on client versions of Windows
#

---------------  S U M M A R Y ------------

Command Line: -Dmaven.multiModuleProjectDirectory=C:\itcast_health\health_mobile_backend -DarchetypeCatalog=internal -Dmaven.home=D:\apache-maven-3.5.2 -Dclassworlds.conf=D:\apache-maven-3.5.2\bin\m2.conf -javaagent:D:\IntelliJ IDEA 2019.1.4\lib\idea_rt.jar=62982:D:\IntelliJ IDEA 2019.1.4\bin -Dfile.encoding=UTF-8 org.codehaus.classworlds.Launcher -Didea.version2019.1.4 -s D:\apache-maven-3.5.2\conf\settings.xml -Dmaven.repo.local=D:\maven_repository tomcat7:run

Host: Intel(R) Core(TM) i5-8250U CPU @ 1.60GHz, 8 cores, 7G,  Windows 10 , 64 bit Build 18362 (10.0.18362.329)
Time: Wed Jan 29 13:11:59 2020 ?D1¨²¡À¨º¡Á?¨º¡À?? elapsed time: 7 seconds (0d 0h 0m 7s)

---------------  T H R E A D  ---------------

Current thread (0x000001bd747e1800):  JavaThread "C2 CompilerThread0" daemon [_thread_in_native, id=11340, stack(0x000000875fe00000,0x000000875ff00000)]


Current CompileTask:
C2:   7816 4943   !   4       org.apache.catalina.startup.ContextConfig::populateJavaClassCache (159 bytes)

Stack: [0x000000875fe00000,0x000000875ff00000]
Native frames: (J=compiled Java code, j=interpreted, Vv=VM code, C=native code)
V  [jvm.dll+0x63611a]
V  [jvm.dll+0x77426f]
V  [jvm.dll+0x77591a]
V  [jvm.dll+0x775fd3]
V  [jvm.dll+0x25e608]
V  [jvm.dll+0xc1f31]
V  [jvm.dll+0xc24bc]
V  [jvm.dll+0x356daa]
V  [jvm.dll+0x6f5b2d]
V  [jvm.dll+0x54e92c]
V  [jvm.dll+0x54b7c8]
V  [jvm.dll+0x54b400]
V  [jvm.dll+0x54b301]
V  [jvm.dll+0x54b446]
V  [jvm.dll+0x54b446]
V  [jvm.dll+0x54b446]
V  [jvm.dll+0x54b446]
V  [jvm.dll+0x54b446]
V  [jvm.dll+0x54b446]
V  [jvm.dll+0x54b446]
V  [jvm.dll+0x54b301]
V  [jvm.dll+0x54b446]
V  [jvm.dll+0x54b446]
V  [jvm.dll+0x54b446]
V  [jvm.dll+0x54b446]
V  [jvm.dll+0x54b446]
V  [jvm.dll+0x54b446]
V  [jvm.dll+0x54b446]
V  [jvm.dll+0x54b446]
V  [jvm.dll+0x54b446]
V  [jvm.dll+0x54b446]
V  [jvm.dll+0x54b446]
V  [jvm.dll+0x54b446]
V  [jvm.dll+0x54b446]
V  [jvm.dll+0x54b446]
V  [jvm.dll+0x54b446]
V  [jvm.dll+0x54b446]
V  [jvm.dll+0x54b446]
V  [jvm.dll+0x54b446]
V  [jvm.dll+0x54b446]
V  [jvm.dll+0x54b446]
V  [jvm.dll+0x54b446]
V  [jvm.dll+0x54b446]
V  [jvm.dll+0x54b446]
V  [jvm.dll+0x54b446]
V  [jvm.dll+0x54b446]
V  [jvm.dll+0x54b446]
V  [jvm.dll+0x54b446]
V  [jvm.dll+0x54b446]
V  [jvm.dll+0x54b446]
V  [jvm.dll+0x54b446]
V  [jvm.dll+0x54b446]
V  [jvm.dll+0x54b446]
V  [jvm.dll+0x54b446]
V  [jvm.dll+0x54b446]
V  [jvm.dll+0x54b446]
V  [jvm.dll+0x54b446]
V  [jvm.dll+0x54b446]
V  [jvm.dll+0x54b446]
V  [jvm.dll+0x54b446]
V  [jvm.dll+0x54b446]
V  [jvm.dll+0x54b446]
V  [jvm.dll+0x54b446]
V  [jvm.dll+0x54b446]
V  [jvm.dll+0x552eff]
V  [jvm.dll+0x21a5cf]
V  [jvm.dll+0x217506]
V  [jvm.dll+0x1941bc]
V  [jvm.dll+0x226684]
V  [jvm.dll+0x224c78]
V  [jvm.dll+0x7396cd]
V  [jvm.dll+0x6351c2]
C  [ucrtbase.dll+0x20e72]
C  [KERNEL32.DLL+0x17bd4]
C  [ntdll.dll+0x6ced1]


---------------  P R O C E S S  ---------------

Threads class SMR info:
_java_thread_list=0x000001bd7f5d70b0, length=16, elements={
0x000001bd5332b800, 0x000001bd73eeb800, 0x000001bd73ef7000, 0x000001bd747d8800,
0x000001bd747dd000, 0x000001bd747e1800, 0x000001bd747e2800, 0x000001bd73f0a000,
0x000001bd7495b800, 0x000001bd74a30000, 0x000001bd74a48800, 0x000001bd75071800,
0x000001bd75efe000, 0x000001bd75b18800, 0x000001bd78253000, 0x000001bd752f8800
}

Java Threads: ( => current thread )
  0x000001bd5332b800 JavaThread "main" [_thread_blocked, id=42136, stack(0x000000875f300000,0x000000875f400000)]
  0x000001bd73eeb800 JavaThread "Reference Handler" daemon [_thread_blocked, id=42704, stack(0x000000875fa00000,0x000000875fb00000)]
  0x000001bd73ef7000 JavaThread "Finalizer" daemon [_thread_blocked, id=7088, stack(0x000000875fb00000,0x000000875fc00000)]
  0x000001bd747d8800 JavaThread "Signal Dispatcher" daemon [_thread_blocked, id=41724, stack(0x000000875fc00000,0x000000875fd00000)]
  0x000001bd747dd000 JavaThread "Attach Listener" daemon [_thread_blocked, id=42300, stack(0x000000875fd00000,0x000000875fe00000)]
=>0x000001bd747e1800 JavaThread "C2 CompilerThread0" daemon [_thread_in_native, id=11340, stack(0x000000875fe00000,0x000000875ff00000)]
  0x000001bd747e2800 JavaThread "C1 CompilerThread0" daemon [_thread_blocked, id=15072, stack(0x000000875ff00000,0x0000008760000000)]
  0x000001bd73f0a000 JavaThread "Sweeper thread" daemon [_thread_blocked, id=35972, stack(0x0000008760000000,0x0000008760100000)]
  0x000001bd7495b800 JavaThread "Common-Cleaner" daemon [_thread_blocked, id=41844, stack(0x0000008760100000,0x0000008760200000)]
  0x000001bd74a30000 JavaThread "Monitor Ctrl-Break" daemon [_thread_in_native, id=34264, stack(0x0000008760200000,0x0000008760300000)]
  0x000001bd74a48800 JavaThread "Service Thread" daemon [_thread_blocked, id=33092, stack(0x0000008760300000,0x0000008760400000)]
  0x000001bd75071800 JavaThread "C2 CompilerThread1" daemon [_thread_in_native, id=39860, stack(0x0000008760500000,0x0000008760600000)]
  0x000001bd75efe000 JavaThread "C2 CompilerThread2" daemon [_thread_in_native, id=33468, stack(0x0000008760900000,0x0000008760a00000)]
  0x000001bd75b18800 JavaThread "Tomcat-startStop-1" daemon [_thread_blocked, id=35456, stack(0x0000008760a00000,0x0000008760b00000)]
  0x000001bd78253000 JavaThread "localhost-startStop-1" daemon [_thread_in_vm, id=39420, stack(0x0000008760b00000,0x0000008760c00000)]
  0x000001bd752f8800 JavaThread "Thread-1" daemon [_thread_in_native, id=32872, stack(0x0000008760d00000,0x0000008760e00000)]

Other Threads:
  0x000001bd73ec7800 VMThread "VM Thread" [stack: 0x000000875f900000,0x000000875fa00000] [id=6480]
  0x000001bd74a4a800 WatcherThread [stack: 0x0000008760400000,0x0000008760500000] [id=29684]
  0x000001bd53343800 GCTaskThread "GC Thread#0" [stack: 0x000000875f400000,0x000000875f500000] [id=16052]
  0x000001bd75353800 GCTaskThread "GC Thread#1" [stack: 0x0000008760700000,0x0000008760800000] [id=18960]
  0x000001bd75322000 GCTaskThread "GC Thread#2" [stack: 0x0000008760800000,0x0000008760900000] [id=41748]
  0x000001bd7d1e8000 GCTaskThread "GC Thread#3" [stack: 0x0000008760c00000,0x0000008760d00000] [id=40020]
  0x000001bd53375000 ConcurrentGCThread "G1 Main Marker" [stack: 0x000000875f500000,0x000000875f600000] [id=42748]
  0x000001bd53377000 ConcurrentGCThread "G1 Conc#0" [stack: 0x000000875f600000,0x000000875f700000] [id=2764]
  0x000001bd7533f800 ConcurrentGCThread "G1 Conc#1" [stack: 0x0000008760600000,0x0000008760700000] [id=42288]
  0x000001bd73d32800 ConcurrentGCThread "G1 Refine#0" [stack: 0x000000875f700000,0x000000875f800000] [id=39556]
  0x000001bd533f9000 ConcurrentGCThread "G1 Young RemSet Sampling" [stack: 0x000000875f800000,0x000000875f900000] [id=8996]

Threads with active compile tasks:
C2 CompilerThread04943   !   4       org.apache.catalina.startup.ContextConfig::populateJavaClassCache (159 bytes)
C1 CompilerThread05372       2       java.lang.reflect.Method::getDefaultValue (109 bytes)
C2 CompilerThread14962       4       org.apache.catalina.startup.ContextConfig::populateJavaClassCache (79 bytes)
C2 CompilerThread24948   !   4       org.apache.catalina.startup.ContextConfig::checkHandlesTypes (453 bytes)

VM state:not at safepoint (normal execution)

VM Mutex/Monitor currently owned by a thread: None

Heap address: 0x0000000081c00000, size: 2020 MB, Compressed Oops mode: 32-bit
Narrow klass base: 0x0000000000000000, Narrow klass shift: 3
Compressed class space size: 1073741824 Address: 0x0000000100000000

Heap:
 garbage-first heap   total 189440K, used 32492K [0x0000000081c00000, 0x0000000100000000)
  region size 1024K, 12 young (12288K), 5 survivors (5120K)
 Metaspace       used 37812K, capacity 38648K, committed 38812K, reserved 1087488K
  class space    used 4082K, capacity 4406K, committed 4428K, reserved 1048576K
Heap Regions: E=young(eden), S=young(survivor), O=old, HS=humongous(starts), HC=humongous(continues), CS=collection set, F=free, A=archive, TAMS=top-at-mark-start (previous, next)
|   0|0x0000000081c00000, 0x0000000081d00000, 0x0000000081d00000|100%| O|  |TAMS 0x0000000081d00000, 0x0000000081c00000| Untracked 
|   1|0x0000000081d00000, 0x0000000081e00000, 0x0000000081e00000|100%| O|  |TAMS 0x0000000081e00000, 0x0000000081d00000| Untracked 
|   2|0x0000000081e00000, 0x0000000081f00000, 0x0000000081f00000|100%| O|  |TAMS 0x0000000081f00000, 0x0000000081e00000| Untracked 
|   3|0x0000000081f00000, 0x0000000082000000, 0x0000000082000000|100%| O|  |TAMS 0x0000000082000000, 0x0000000081f00000| Untracked 
|   4|0x0000000082000000, 0x0000000082100000, 0x0000000082100000|100%| O|  |TAMS 0x0000000082100000, 0x0000000082000000| Untracked 
|   5|0x0000000082100000, 0x0000000082200000, 0x0000000082200000|100%| O|  |TAMS 0x0000000082200000, 0x0000000082100000| Untracked 
|   6|0x0000000082200000, 0x0000000082300000, 0x0000000082300000|100%| O|  |TAMS 0x0000000082300000, 0x0000000082200000| Untracked 
|   7|0x0000000082300000, 0x0000000082400000, 0x0000000082400000|100%| O|  |TAMS 0x0000000082400000, 0x0000000082300000| Untracked 
|   8|0x0000000082400000, 0x0000000082500000, 0x0000000082500000|100%| O|  |TAMS 0x0000000082500000, 0x0000000082400000| Untracked 
|   9|0x0000000082500000, 0x0000000082600000, 0x0000000082600000|100%| O|  |TAMS 0x0000000082600000, 0x0000000082500000| Untracked 
|  10|0x0000000082600000, 0x0000000082700000, 0x0000000082700000|100%| O|  |TAMS 0x0000000082700000, 0x0000000082600000| Untracked 
|  11|0x0000000082700000, 0x0000000082800000, 0x0000000082800000|100%| O|  |TAMS 0x0000000082800000, 0x0000000082700000| Untracked 
|  12|0x0000000082800000, 0x0000000082900000, 0x0000000082900000|100%| O|  |TAMS 0x0000000082900000, 0x0000000082800000| Untracked 
|  13|0x0000000082900000, 0x0000000082a00000, 0x0000000082a00000|100%| O|  |TAMS 0x0000000082a00000, 0x0000000082900000| Untracked 
|  14|0x0000000082a00000, 0x0000000082b00000, 0x0000000082b00000|100%| O|  |TAMS 0x0000000082b00000, 0x0000000082a00000| Untracked 
|  15|0x0000000082b00000, 0x0000000082c00000, 0x0000000082c00000|100%| O|  |TAMS 0x0000000082c00000, 0x0000000082b00000| Untracked 
|  16|0x0000000082c00000, 0x0000000082d00000, 0x0000000082d00000|100%| O|  |TAMS 0x0000000082d00000, 0x0000000082c00000| Untracked 
|  17|0x0000000082d00000, 0x0000000082e00000, 0x0000000082e00000|100%| O|  |TAMS 0x0000000082e00000, 0x0000000082d00000| Untracked 
|  18|0x0000000082e00000, 0x0000000082f00000, 0x0000000082f00000|100%| O|  |TAMS 0x0000000082f00000, 0x0000000082e00000| Untracked 
|  19|0x0000000082f00000, 0x0000000083000000, 0x0000000083000000|100%| O|  |TAMS 0x0000000083000000, 0x0000000082f00000| Untracked 
|  20|0x0000000083000000, 0x00000000830bb200, 0x0000000083100000| 73%| O|  |TAMS 0x00000000830bb200, 0x0000000083000000| Untracked 
|  21|0x0000000083100000, 0x0000000083100000, 0x0000000083200000|  0%| F|  |TAMS 0x0000000083100000, 0x0000000083100000| Untracked 
|  22|0x0000000083200000, 0x0000000083200000, 0x0000000083300000|  0%| F|  |TAMS 0x0000000083200000, 0x0000000083200000| Untracked 
|  23|0x0000000083300000, 0x0000000083300000, 0x0000000083400000|  0%| F|  |TAMS 0x0000000083300000, 0x0000000083300000| Untracked 
|  24|0x0000000083400000, 0x0000000083400000, 0x0000000083500000|  0%| F|  |TAMS 0x0000000083400000, 0x0000000083400000| Untracked 
|  25|0x0000000083500000, 0x0000000083500000, 0x0000000083600000|  0%| F|  |TAMS 0x0000000083500000, 0x0000000083500000| Untracked 
|  26|0x0000000083600000, 0x0000000083600000, 0x0000000083700000|  0%| F|  |TAMS 0x0000000083600000, 0x0000000083600000| Untracked 
|  27|0x0000000083700000, 0x0000000083700000, 0x0000000083800000|  0%| F|  |TAMS 0x0000000083700000, 0x0000000083700000| Untracked 
|  28|0x0000000083800000, 0x0000000083800000, 0x0000000083900000|  0%| F|  |TAMS 0x0000000083800000, 0x0000000083800000| Untracked 
|  29|0x0000000083900000, 0x0000000083900000, 0x0000000083a00000|  0%| F|  |TAMS 0x0000000083900000, 0x0000000083900000| Untracked 
|  30|0x0000000083a00000, 0x0000000083a00000, 0x0000000083b00000|  0%| F|  |TAMS 0x0000000083a00000, 0x0000000083a00000| Untracked 
|  31|0x0000000083b00000, 0x0000000083b00000, 0x0000000083c00000|  0%| F|  |TAMS 0x0000000083b00000, 0x0000000083b00000| Untracked 
|  32|0x0000000083c00000, 0x0000000083c00000, 0x0000000083d00000|  0%| F|  |TAMS 0x0000000083c00000, 0x0000000083c00000| Untracked 
|  33|0x0000000083d00000, 0x0000000083d00000, 0x0000000083e00000|  0%| F|  |TAMS 0x0000000083d00000, 0x0000000083d00000| Untracked 
|  34|0x0000000083e00000, 0x0000000083e00000, 0x0000000083f00000|  0%| F|  |TAMS 0x0000000083e00000, 0x0000000083e00000| Untracked 
|  35|0x0000000083f00000, 0x0000000083f00000, 0x0000000084000000|  0%| F|  |TAMS 0x0000000083f00000, 0x0000000083f00000| Untracked 
|  36|0x0000000084000000, 0x0000000084000000, 0x0000000084100000|  0%| F|  |TAMS 0x0000000084000000, 0x0000000084000000| Untracked 
|  37|0x0000000084100000, 0x0000000084100000, 0x0000000084200000|  0%| F|  |TAMS 0x0000000084100000, 0x0000000084100000| Untracked 
|  38|0x0000000084200000, 0x0000000084200000, 0x0000000084300000|  0%| F|  |TAMS 0x0000000084200000, 0x0000000084200000| Untracked 
|  39|0x0000000084300000, 0x0000000084300000, 0x0000000084400000|  0%| F|  |TAMS 0x0000000084300000, 0x0000000084300000| Untracked 
|  40|0x0000000084400000, 0x0000000084400000, 0x0000000084500000|  0%| F|  |TAMS 0x0000000084400000, 0x0000000084400000| Untracked 
|  41|0x0000000084500000, 0x0000000084500000, 0x0000000084600000|  0%| F|  |TAMS 0x0000000084500000, 0x0000000084500000| Untracked 
|  42|0x0000000084600000, 0x0000000084600000, 0x0000000084700000|  0%| F|  |TAMS 0x0000000084600000, 0x0000000084600000| Untracked 
|  43|0x0000000084700000, 0x0000000084700000, 0x0000000084800000|  0%| F|  |TAMS 0x0000000084700000, 0x0000000084700000| Untracked 
|  44|0x0000000084800000, 0x0000000084800000, 0x0000000084900000|  0%| F|  |TAMS 0x0000000084800000, 0x0000000084800000| Untracked 
|  45|0x0000000084900000, 0x0000000084900000, 0x0000000084a00000|  0%| F|  |TAMS 0x0000000084900000, 0x0000000084900000| Untracked 
|  46|0x0000000084a00000, 0x0000000084a00000, 0x0000000084b00000|  0%| F|  |TAMS 0x0000000084a00000, 0x0000000084a00000| Untracked 
|  47|0x0000000084b00000, 0x0000000084b00000, 0x0000000084c00000|  0%| F|  |TAMS 0x0000000084b00000, 0x0000000084b00000| Untracked 
|  48|0x0000000084c00000, 0x0000000084c00000, 0x0000000084d00000|  0%| F|  |TAMS 0x0000000084c00000, 0x0000000084c00000| Untracked 
|  49|0x0000000084d00000, 0x0000000084d00000, 0x0000000084e00000|  0%| F|  |TAMS 0x0000000084d00000, 0x0000000084d00000| Untracked 
|  50|0x0000000084e00000, 0x0000000084e00000, 0x0000000084f00000|  0%| F|  |TAMS 0x0000000084e00000, 0x0000000084e00000| Untracked 
|  51|0x0000000084f00000, 0x0000000084f00000, 0x0000000085000000|  0%| F|  |TAMS 0x0000000084f00000, 0x0000000084f00000| Untracked 
|  52|0x0000000085000000, 0x0000000085000000, 0x0000000085100000|  0%| F|  |TAMS 0x0000000085000000, 0x0000000085000000| Untracked 
|  53|0x0000000085100000, 0x0000000085100000, 0x0000000085200000|  0%| F|  |TAMS 0x0000000085100000, 0x0000000085100000| Untracked 
|  54|0x0000000085200000, 0x0000000085200000, 0x0000000085300000|  0%| F|  |TAMS 0x0000000085200000, 0x0000000085200000| Untracked 
|  55|0x0000000085300000, 0x0000000085300000, 0x0000000085400000|  0%| F|  |TAMS 0x0000000085300000, 0x0000000085300000| Untracked 
|  56|0x0000000085400000, 0x0000000085400000, 0x0000000085500000|  0%| F|  |TAMS 0x0000000085400000, 0x0000000085400000| Untracked 
|  57|0x0000000085500000, 0x0000000085500000, 0x0000000085600000|  0%| F|  |TAMS 0x0000000085500000, 0x0000000085500000| Untracked 
|  58|0x0000000085600000, 0x0000000085600000, 0x0000000085700000|  0%| F|  |TAMS 0x0000000085600000, 0x0000000085600000| Untracked 
|  59|0x0000000085700000, 0x0000000085700000, 0x0000000085800000|  0%| F|  |TAMS 0x0000000085700000, 0x0000000085700000| Untracked 
|  60|0x0000000085800000, 0x0000000085800000, 0x0000000085900000|  0%| F|  |TAMS 0x0000000085800000, 0x0000000085800000| Untracked 
|  61|0x0000000085900000, 0x0000000085900000, 0x0000000085a00000|  0%| F|  |TAMS 0x0000000085900000, 0x0000000085900000| Untracked 
|  62|0x0000000085a00000, 0x0000000085a00000, 0x0000000085b00000|  0%| F|  |TAMS 0x0000000085a00000, 0x0000000085a00000| Untracked 
|  63|0x0000000085b00000, 0x0000000085b00000, 0x0000000085c00000|  0%| F|  |TAMS 0x0000000085b00000, 0x0000000085b00000| Untracked 
|  64|0x0000000085c00000, 0x0000000085c00000, 0x0000000085d00000|  0%| F|  |TAMS 0x0000000085c00000, 0x0000000085c00000| Untracked 
|  65|0x0000000085d00000, 0x0000000085d00000, 0x0000000085e00000|  0%| F|  |TAMS 0x0000000085d00000, 0x0000000085d00000| Untracked 
|  66|0x0000000085e00000, 0x0000000085e00000, 0x0000000085f00000|  0%| F|  |TAMS 0x0000000085e00000, 0x0000000085e00000| Untracked 
|  67|0x0000000085f00000, 0x0000000085f00000, 0x0000000086000000|  0%| F|  |TAMS 0x0000000085f00000, 0x0000000085f00000| Untracked 
|  68|0x0000000086000000, 0x0000000086000000, 0x0000000086100000|  0%| F|  |TAMS 0x0000000086000000, 0x0000000086000000| Untracked 
|  69|0x0000000086100000, 0x0000000086100000, 0x0000000086200000|  0%| F|  |TAMS 0x0000000086100000, 0x0000000086100000| Untracked 
|  70|0x0000000086200000, 0x0000000086200000, 0x0000000086300000|  0%| F|  |TAMS 0x0000000086200000, 0x0000000086200000| Untracked 
|  71|0x0000000086300000, 0x0000000086300000, 0x0000000086400000|  0%| F|  |TAMS 0x0000000086300000, 0x0000000086300000| Untracked 
|  72|0x0000000086400000, 0x0000000086400000, 0x0000000086500000|  0%| F|  |TAMS 0x0000000086400000, 0x0000000086400000| Untracked 
|  73|0x0000000086500000, 0x0000000086500000, 0x0000000086600000|  0%| F|  |TAMS 0x0000000086500000, 0x0000000086500000| Untracked 
|  74|0x0000000086600000, 0x0000000086600000, 0x0000000086700000|  0%| F|  |TAMS 0x0000000086600000, 0x0000000086600000| Untracked 
|  75|0x0000000086700000, 0x0000000086700000, 0x0000000086800000|  0%| F|  |TAMS 0x0000000086700000, 0x0000000086700000| Untracked 
|  76|0x0000000086800000, 0x0000000086800000, 0x0000000086900000|  0%| F|  |TAMS 0x0000000086800000, 0x0000000086800000| Untracked 
|  77|0x0000000086900000, 0x0000000086900000, 0x0000000086a00000|  0%| F|  |TAMS 0x0000000086900000, 0x0000000086900000| Untracked 
|  78|0x0000000086a00000, 0x0000000086a00000, 0x0000000086b00000|  0%| F|  |TAMS 0x0000000086a00000, 0x0000000086a00000| Untracked 
|  79|0x0000000086b00000, 0x0000000086b00000, 0x0000000086c00000|  0%| F|  |TAMS 0x0000000086b00000, 0x0000000086b00000| Untracked 
|  80|0x0000000086c00000, 0x0000000086c00000, 0x0000000086d00000|  0%| F|  |TAMS 0x0000000086c00000, 0x0000000086c00000| Untracked 
|  81|0x0000000086d00000, 0x0000000086d00000, 0x0000000086e00000|  0%| F|  |TAMS 0x0000000086d00000, 0x0000000086d00000| Untracked 
|  82|0x0000000086e00000, 0x0000000086e00000, 0x0000000086f00000|  0%| F|  |TAMS 0x0000000086e00000, 0x0000000086e00000| Untracked 
|  83|0x0000000086f00000, 0x0000000086f00000, 0x0000000087000000|  0%| F|  |TAMS 0x0000000086f00000, 0x0000000086f00000| Untracked 
|  84|0x0000000087000000, 0x0000000087000000, 0x0000000087100000|  0%| F|  |TAMS 0x0000000087000000, 0x0000000087000000| Untracked 
|  85|0x0000000087100000, 0x0000000087100000, 0x0000000087200000|  0%| F|  |TAMS 0x0000000087100000, 0x0000000087100000| Untracked 
|  86|0x0000000087200000, 0x0000000087200000, 0x0000000087300000|  0%| F|  |TAMS 0x0000000087200000, 0x0000000087200000| Untracked 
|  87|0x0000000087300000, 0x0000000087300000, 0x0000000087400000|  0%| F|  |TAMS 0x0000000087300000, 0x0000000087300000| Untracked 
|  88|0x0000000087400000, 0x0000000087400000, 0x0000000087500000|  0%| F|  |TAMS 0x0000000087400000, 0x0000000087400000| Untracked 
|  89|0x0000000087500000, 0x0000000087500000, 0x0000000087600000|  0%| F|  |TAMS 0x0000000087500000, 0x0000000087500000| Untracked 
|  90|0x0000000087600000, 0x0000000087600000, 0x0000000087700000|  0%| F|  |TAMS 0x0000000087600000, 0x0000000087600000| Untracked 
|  91|0x0000000087700000, 0x0000000087700000, 0x0000000087800000|  0%| F|  |TAMS 0x0000000087700000, 0x0000000087700000| Untracked 
|  92|0x0000000087800000, 0x0000000087800000, 0x0000000087900000|  0%| F|  |TAMS 0x0000000087800000, 0x0000000087800000| Untracked 
|  93|0x0000000087900000, 0x0000000087900000, 0x0000000087a00000|  0%| F|  |TAMS 0x0000000087900000, 0x0000000087900000| Untracked 
|  94|0x0000000087a00000, 0x0000000087a00000, 0x0000000087b00000|  0%| F|  |TAMS 0x0000000087a00000, 0x0000000087a00000| Untracked 
|  95|0x0000000087b00000, 0x0000000087b00000, 0x0000000087c00000|  0%| F|  |TAMS 0x0000000087b00000, 0x0000000087b00000| Untracked 
|  96|0x0000000087c00000, 0x0000000087c00000, 0x0000000087d00000|  0%| F|  |TAMS 0x0000000087c00000, 0x0000000087c00000| Untracked 
|  97|0x0000000087d00000, 0x0000000087d00000, 0x0000000087e00000|  0%| F|  |TAMS 0x0000000087d00000, 0x0000000087d00000| Untracked 
|  98|0x0000000087e00000, 0x0000000087e00000, 0x0000000087f00000|  0%| F|  |TAMS 0x0000000087e00000, 0x0000000087e00000| Untracked 
|  99|0x0000000087f00000, 0x0000000087f00000, 0x0000000088000000|  0%| F|  |TAMS 0x0000000087f00000, 0x0000000087f00000| Untracked 
| 100|0x0000000088000000, 0x0000000088000000, 0x0000000088100000|  0%| F|  |TAMS 0x0000000088000000, 0x0000000088000000| Untracked 
| 101|0x0000000088100000, 0x0000000088100000, 0x0000000088200000|  0%| F|  |TAMS 0x0000000088100000, 0x0000000088100000| Untracked 
| 102|0x0000000088200000, 0x0000000088200000, 0x0000000088300000|  0%| F|  |TAMS 0x0000000088200000, 0x0000000088200000| Untracked 
| 103|0x0000000088300000, 0x0000000088300000, 0x0000000088400000|  0%| F|  |TAMS 0x0000000088300000, 0x0000000088300000| Untracked 
| 104|0x0000000088400000, 0x0000000088400000, 0x0000000088500000|  0%| F|  |TAMS 0x0000000088400000, 0x0000000088400000| Untracked 
| 105|0x0000000088500000, 0x0000000088500000, 0x0000000088600000|  0%| F|  |TAMS 0x0000000088500000, 0x0000000088500000| Untracked 
| 106|0x0000000088600000, 0x0000000088600000, 0x0000000088700000|  0%| F|  |TAMS 0x0000000088600000, 0x0000000088600000| Untracked 
| 107|0x0000000088700000, 0x0000000088700000, 0x0000000088800000|  0%| F|  |TAMS 0x0000000088700000, 0x0000000088700000| Untracked 
| 108|0x0000000088800000, 0x0000000088800000, 0x0000000088900000|  0%| F|  |TAMS 0x0000000088800000, 0x0000000088800000| Untracked 
| 109|0x0000000088900000, 0x0000000088900000, 0x0000000088a00000|  0%| F|  |TAMS 0x0000000088900000, 0x0000000088900000| Untracked 
| 110|0x0000000088a00000, 0x0000000088a00000, 0x0000000088b00000|  0%| F|  |TAMS 0x0000000088a00000, 0x0000000088a00000| Untracked 
| 111|0x0000000088b00000, 0x0000000088b00000, 0x0000000088c00000|  0%| F|  |TAMS 0x0000000088b00000, 0x0000000088b00000| Untracked 
| 112|0x0000000088c00000, 0x0000000088c00000, 0x0000000088d00000|  0%| F|  |TAMS 0x0000000088c00000, 0x0000000088c00000| Untracked 
| 113|0x0000000088d00000, 0x0000000088d00000, 0x0000000088e00000|  0%| F|  |TAMS 0x0000000088d00000, 0x0000000088d00000| Untracked 
| 114|0x0000000088e00000, 0x0000000088e00000, 0x0000000088f00000|  0%| F|  |TAMS 0x0000000088e00000, 0x0000000088e00000| Untracked 
| 115|0x0000000088f00000, 0x0000000088f00000, 0x0000000089000000|  0%| F|  |TAMS 0x0000000088f00000, 0x0000000088f00000| Untracked 
| 116|0x0000000089000000, 0x0000000089000000, 0x0000000089100000|  0%| F|  |TAMS 0x0000000089000000, 0x0000000089000000| Untracked 
| 117|0x0000000089100000, 0x0000000089100000, 0x0000000089200000|  0%| F|  |TAMS 0x0000000089100000, 0x0000000089100000| Untracked 
| 118|0x0000000089200000, 0x0000000089200000, 0x0000000089300000|  0%| F|  |TAMS 0x0000000089200000, 0x0000000089200000| Untracked 
| 119|0x0000000089300000, 0x0000000089300000, 0x0000000089400000|  0%| F|  |TAMS 0x0000000089300000, 0x0000000089300000| Untracked 
| 120|0x0000000089400000, 0x0000000089400000, 0x0000000089500000|  0%| F|  |TAMS 0x0000000089400000, 0x0000000089400000| Untracked 
| 121|0x0000000089500000, 0x0000000089500000, 0x0000000089600000|  0%| F|  |TAMS 0x0000000089500000, 0x0000000089500000| Untracked 
| 122|0x0000000089600000, 0x0000000089600000, 0x0000000089700000|  0%| F|  |TAMS 0x0000000089600000, 0x0000000089600000| Untracked 
| 123|0x0000000089700000, 0x0000000089700000, 0x0000000089800000|  0%| F|  |TAMS 0x0000000089700000, 0x0000000089700000| Untracked 
| 124|0x0000000089800000, 0x0000000089800000, 0x0000000089900000|  0%| F|  |TAMS 0x0000000089800000, 0x0000000089800000| Untracked 
| 125|0x0000000089900000, 0x0000000089900000, 0x0000000089a00000|  0%| F|  |TAMS 0x0000000089900000, 0x0000000089900000| Untracked 
| 126|0x0000000089a00000, 0x0000000089a00000, 0x0000000089b00000|  0%| F|  |TAMS 0x0000000089a00000, 0x0000000089a00000| Untracked 
| 127|0x0000000089b00000, 0x0000000089b00000, 0x0000000089c00000|  0%| F|  |TAMS 0x0000000089b00000, 0x0000000089b00000| Untracked 
| 128|0x0000000089c00000, 0x0000000089c00000, 0x0000000089d00000|  0%| F|  |TAMS 0x0000000089c00000, 0x0000000089c00000| Untracked 
| 129|0x0000000089d00000, 0x0000000089d00000, 0x0000000089e00000|  0%| F|  |TAMS 0x0000000089d00000, 0x0000000089d00000| Untracked 
| 130|0x0000000089e00000, 0x0000000089e00000, 0x0000000089f00000|  0%| F|  |TAMS 0x0000000089e00000, 0x0000000089e00000| Untracked 
| 131|0x0000000089f00000, 0x0000000089f00000, 0x000000008a000000|  0%| F|  |TAMS 0x0000000089f00000, 0x0000000089f00000| Untracked 
| 132|0x000000008a000000, 0x000000008a000000, 0x000000008a100000|  0%| F|  |TAMS 0x000000008a000000, 0x000000008a000000| Untracked 
| 133|0x000000008a100000, 0x000000008a100000, 0x000000008a200000|  0%| F|  |TAMS 0x000000008a100000, 0x000000008a100000| Untracked 
| 134|0x000000008a200000, 0x000000008a200000, 0x000000008a300000|  0%| F|  |TAMS 0x000000008a200000, 0x000000008a200000| Untracked 
| 135|0x000000008a300000, 0x000000008a300000, 0x000000008a400000|  0%| F|  |TAMS 0x000000008a300000, 0x000000008a300000| Untracked 
| 136|0x000000008a400000, 0x000000008a400000, 0x000000008a500000|  0%| F|  |TAMS 0x000000008a400000, 0x000000008a400000| Untracked 
| 137|0x000000008a500000, 0x000000008a500000, 0x000000008a600000|  0%| F|  |TAMS 0x000000008a500000, 0x000000008a500000| Untracked 
| 138|0x000000008a600000, 0x000000008a600000, 0x000000008a700000|  0%| F|  |TAMS 0x000000008a600000, 0x000000008a600000| Untracked 
| 139|0x000000008a700000, 0x000000008a700000, 0x000000008a800000|  0%| F|  |TAMS 0x000000008a700000, 0x000000008a700000| Untracked 
| 140|0x000000008a800000, 0x000000008a800000, 0x000000008a900000|  0%| F|  |TAMS 0x000000008a800000, 0x000000008a800000| Untracked 
| 141|0x000000008a900000, 0x000000008a900000, 0x000000008aa00000|  0%| F|  |TAMS 0x000000008a900000, 0x000000008a900000| Untracked 
| 142|0x000000008aa00000, 0x000000008aa00000, 0x000000008ab00000|  0%| F|  |TAMS 0x000000008aa00000, 0x000000008aa00000| Untracked 
| 143|0x000000008ab00000, 0x000000008ab00000, 0x000000008ac00000|  0%| F|  |TAMS 0x000000008ab00000, 0x000000008ab00000| Untracked 
| 144|0x000000008ac00000, 0x000000008ac00000, 0x000000008ad00000|  0%| F|  |TAMS 0x000000008ac00000, 0x000000008ac00000| Untracked 
| 145|0x000000008ad00000, 0x000000008ad00000, 0x000000008ae00000|  0%| F|  |TAMS 0x000000008ad00000, 0x000000008ad00000| Untracked 
| 146|0x000000008ae00000, 0x000000008ae00000, 0x000000008af00000|  0%| F|  |TAMS 0x000000008ae00000, 0x000000008ae00000| Untracked 
| 147|0x000000008af00000, 0x000000008af00000, 0x000000008b000000|  0%| F|  |TAMS 0x000000008af00000, 0x000000008af00000| Untracked 
| 148|0x000000008b000000, 0x000000008b000000, 0x000000008b100000|  0%| F|  |TAMS 0x000000008b000000, 0x000000008b000000| Untracked 
| 149|0x000000008b100000, 0x000000008b100000, 0x000000008b200000|  0%| F|  |TAMS 0x000000008b100000, 0x000000008b100000| Untracked 
| 150|0x000000008b200000, 0x000000008b200000, 0x000000008b300000|  0%| F|  |TAMS 0x000000008b200000, 0x000000008b200000| Untracked 
| 151|0x000000008b300000, 0x000000008b300000, 0x000000008b400000|  0%| F|  |TAMS 0x000000008b300000, 0x000000008b300000| Untracked 
| 152|0x000000008b400000, 0x000000008b400000, 0x000000008b500000|  0%| F|  |TAMS 0x000000008b400000, 0x000000008b400000| Untracked 
| 153|0x000000008b500000, 0x000000008b500000, 0x000000008b600000|  0%| F|  |TAMS 0x000000008b500000, 0x000000008b500000| Untracked 
| 154|0x000000008b600000, 0x000000008b600000, 0x000000008b700000|  0%| F|  |TAMS 0x000000008b600000, 0x000000008b600000| Untracked 
| 155|0x000000008b700000, 0x000000008b700000, 0x000000008b800000|  0%| F|  |TAMS 0x000000008b700000, 0x000000008b700000| Untracked 
| 156|0x000000008b800000, 0x000000008b800000, 0x000000008b900000|  0%| F|  |TAMS 0x000000008b800000, 0x000000008b800000| Untracked 
| 157|0x000000008b900000, 0x000000008b900000, 0x000000008ba00000|  0%| F|  |TAMS 0x000000008b900000, 0x000000008b900000| Untracked 
| 158|0x000000008ba00000, 0x000000008ba00000, 0x000000008bb00000|  0%| F|  |TAMS 0x000000008ba00000, 0x000000008ba00000| Untracked 
| 159|0x000000008bb00000, 0x000000008bb00000, 0x000000008bc00000|  0%| F|  |TAMS 0x000000008bb00000, 0x000000008bb00000| Untracked 
| 160|0x000000008bc00000, 0x000000008bc00000, 0x000000008bd00000|  0%| F|  |TAMS 0x000000008bc00000, 0x000000008bc00000| Untracked 
| 161|0x000000008bd00000, 0x000000008bd00000, 0x000000008be00000|  0%| F|  |TAMS 0x000000008bd00000, 0x000000008bd00000| Untracked 
| 162|0x000000008be00000, 0x000000008be00000, 0x000000008bf00000|  0%| F|  |TAMS 0x000000008be00000, 0x000000008be00000| Untracked 
| 163|0x000000008bf00000, 0x000000008bf00000, 0x000000008c000000|  0%| F|  |TAMS 0x000000008bf00000, 0x000000008bf00000| Untracked 
| 164|0x000000008c000000, 0x000000008c000000, 0x000000008c100000|  0%| F|  |TAMS 0x000000008c000000, 0x000000008c000000| Untracked 
| 165|0x000000008c100000, 0x000000008c100000, 0x000000008c200000|  0%| F|  |TAMS 0x000000008c100000, 0x000000008c100000| Untracked 
| 166|0x000000008c200000, 0x000000008c200000, 0x000000008c300000|  0%| F|  |TAMS 0x000000008c200000, 0x000000008c200000| Untracked 
| 167|0x000000008c300000, 0x000000008c300000, 0x000000008c400000|  0%| F|  |TAMS 0x000000008c300000, 0x000000008c300000| Untracked 
| 168|0x000000008c400000, 0x000000008c400000, 0x000000008c500000|  0%| F|  |TAMS 0x000000008c400000, 0x000000008c400000| Untracked 
| 169|0x000000008c500000, 0x000000008c500000, 0x000000008c600000|  0%| F|  |TAMS 0x000000008c500000, 0x000000008c500000| Untracked 
| 170|0x000000008c600000, 0x000000008c67f2a0, 0x000000008c700000| 49%| S|CS|TAMS 0x000000008c600000, 0x000000008c600000| Complete 
| 171|0x000000008c700000, 0x000000008c800000, 0x000000008c800000|100%| S|CS|TAMS 0x000000008c700000, 0x000000008c700000| Complete 
| 172|0x000000008c800000, 0x000000008c900000, 0x000000008c900000|100%| S|CS|TAMS 0x000000008c800000, 0x000000008c800000| Complete 
| 173|0x000000008c900000, 0x000000008ca00000, 0x000000008ca00000|100%| S|CS|TAMS 0x000000008c900000, 0x000000008c900000| Complete 
| 174|0x000000008ca00000, 0x000000008cb00000, 0x000000008cb00000|100%| S|CS|TAMS 0x000000008ca00000, 0x000000008ca00000| Complete 
| 175|0x000000008cb00000, 0x000000008cc00000, 0x000000008cc00000|100%| S|CS|TAMS 0x000000008cb00000, 0x000000008cb00000| Complete 
| 176|0x000000008cc00000, 0x000000008cc00000, 0x000000008cd00000|  0%| F|  |TAMS 0x000000008cc00000, 0x000000008cc00000| Untracked 
| 177|0x000000008cd00000, 0x000000008cd00000, 0x000000008ce00000|  0%| F|  |TAMS 0x000000008cd00000, 0x000000008cd00000| Untracked 
| 178|0x000000008ce00000, 0x000000008ce00000, 0x000000008cf00000|  0%| F|  |TAMS 0x000000008ce00000, 0x000000008ce00000| Untracked 
| 179|0x000000008cf00000, 0x000000008cf00000, 0x000000008d000000|  0%| F|  |TAMS 0x000000008cf00000, 0x000000008cf00000| Untracked 
| 180|0x000000008d000000, 0x000000008d000000, 0x000000008d100000|  0%| F|  |TAMS 0x000000008d000000, 0x000000008d000000| Untracked 
| 181|0x000000008d100000, 0x000000008d100000, 0x000000008d200000|  0%| F|  |TAMS 0x000000008d100000, 0x000000008d100000| Untracked 
| 182|0x000000008d200000, 0x000000008d280ea0, 0x000000008d300000| 50%| E|  |TAMS 0x000000008d200000, 0x000000008d200000| Complete 
| 183|0x000000008d300000, 0x000000008d400000, 0x000000008d400000|100%| E|CS|TAMS 0x000000008d300000, 0x000000008d300000| Complete 
| 184|0x000000008d400000, 0x000000008d500000, 0x000000008d500000|100%| E|CS|TAMS 0x000000008d400000, 0x000000008d400000| Complete 

Card table byte_map: [0x000001bd6ccd0000,0x000001bd6d0d0000] _byte_map_base: 0x000001bd6c8c2000

Marking Bits (Prev, Next): (CMBitMap*) 0x000001bd5336c380, (CMBitMap*) 0x000001bd5336c348
 Prev Bits: [0x000001bd6f460000, 0x000001bd713f0000)
 Next Bits: [0x000001bd6d4d0000, 0x000001bd6f460000)

Polling page: 0x000001bd54bb0000

Metaspace:

Usage:
  Non-class:     33.94 MB capacity,    33.37 MB ( 98%) used,   514.88 KB (  1%) free+waste,    68.38 KB ( <1%) overhead. 
      Class:      4.37 MB capacity,     4.04 MB ( 93%) used,   298.85 KB (  7%) free+waste,    30.25 KB ( <1%) overhead. 
       Both:     38.31 MB capacity,    37.42 MB ( 98%) used,   813.73 KB (  2%) free+waste,    98.63 KB ( <1%) overhead. 

Virtual space:
  Non-class space:       38.00 MB reserved,      34.08 MB ( 90%) committed 
      Class space:        1.00 GB reserved,       4.45 MB ( <1%) committed 
             Both:        1.04 GB reserved,      38.53 MB (  4%) committed 

Chunk freelists:
   Non-Class:  1.38 KB
       Class:  1.13 KB
        Both:  2.50 KB

CodeHeap 'non-profiled nmethods': size=120000Kb used=2877Kb max_used=2966Kb free=117122Kb
 bounds [0x000001bd64930000, 0x000001bd64c30000, 0x000001bd6be60000]
CodeHeap 'profiled nmethods': size=120000Kb used=10370Kb max_used=10914Kb free=109629Kb
 bounds [0x000001bd5d400000, 0x000001bd5deb0000, 0x000001bd64930000]
CodeHeap 'non-nmethods': size=5760Kb used=1175Kb max_used=1225Kb free=4584Kb
 bounds [0x000001bd5ce60000, 0x000001bd5d0d0000, 0x000001bd5d400000]
 total_blobs=7114 nmethods=4644 adapters=432
 compilation: disabled (not enough contiguous free space left)
              stopped_count=1, restarted_count=0
 full_count=1

Compilation events (10 events):
Event: 7.806 Thread 0x000001bd747e2800 5241       2       com.sun.org.apache.xerces.internal.util.DOMUtil::getNextSiblingElement (38 bytes)
Event: 7.806 Thread 0x000001bd747e2800 nmethod 5241 0x000001bd5d71df10 code [0x000001bd5d71e100, 0x000001bd5d71e390]
Event: 7.806 Thread 0x000001bd747e2800 5245       2       java.util.StringTokenizer::<init> (52 bytes)
Event: 7.806 Thread 0x000001bd747e2800 nmethod 5245 0x000001bd5d742110 code [0x000001bd5d7422e0, 0x000001bd5d742550]
Event: 7.806 Thread 0x000001bd747e2800 5242       1       com.sun.org.apache.xerces.internal.impl.xs.opti.ElementImpl::getSyntheticAnnotation (5 bytes)
Event: 7.806 Thread 0x000001bd747e2800 nmethod 5242 0x000001bd649ebc90 code [0x000001bd649ebe40, 0x000001bd649ebf58]
Event: 7.806 Thread 0x000001bd747e2800 5246       2       com.sun.org.apache.xerces.internal.util.URI::isAlphanum (23 bytes)
Event: 7.807 Thread 0x000001bd747e2800 nmethod 5246 0x000001bd5d712310 code [0x000001bd5d7124c0, 0x000001bd5d712658]
Event: 7.807 Thread 0x000001bd747e2800 5239       2       com.sun.org.apache.xerces.internal.util.URI::isURICharacter (23 bytes)
Event: 7.807 Thread 0x000001bd747e2800 nmethod 5239 0x000001bd5d735510 code [0x000001bd5d7356c0, 0x000001bd5d735858]

GC Heap History (10 events):
Event: 5.795 GC heap before
{Heap before GC invocations=8 (full 0):
 garbage-first heap   total 157696K, used 113159K [0x0000000081c00000, 0x0000000100000000)
  region size 1024K, 92 young (94208K), 6 survivors (6144K)
 Metaspace       used 31741K, capacity 32549K, committed 32816K, reserved 1079296K
  class space    used 3363K, capacity 3624K, committed 3712K, reserved 1048576K
}
Event: 5.803 GC heap after
{Heap after GC invocations=9 (full 0):
 garbage-first heap   total 157696K, used 26718K [0x0000000081c00000, 0x0000000100000000)
  region size 1024K, 8 young (8192K), 8 survivors (8192K)
 Metaspace       used 31741K, capacity 32549K, committed 32816K, reserved 1079296K
  class space    used 3363K, capacity 3624K, committed 3712K, reserved 1048576K
}
Event: 6.186 GC heap before
{Heap before GC invocations=9 (full 0):
 garbage-first heap   total 157696K, used 112734K [0x0000000081c00000, 0x0000000100000000)
  region size 1024K, 92 young (94208K), 8 survivors (8192K)
 Metaspace       used 31750K, capacity 32549K, committed 32816K, reserved 1079296K
  class space    used 3363K, capacity 3624K, committed 3712K, reserved 1048576K
}
Event: 6.196 GC heap after
{Heap after GC invocations=10 (full 0):
 garbage-first heap   total 157696K, used 27416K [0x0000000081c00000, 0x0000000100000000)
  region size 1024K, 7 young (7168K), 7 survivors (7168K)
 Metaspace       used 31750K, capacity 32549K, committed 32816K, reserved 1079296K
  class space    used 3363K, capacity 3624K, committed 3712K, reserved 1048576K
}
Event: 6.593 GC heap before
{Heap before GC invocations=10 (full 0):
 garbage-first heap   total 157696K, used 114456K [0x0000000081c00000, 0x0000000100000000)
  region size 1024K, 92 young (94208K), 7 survivors (7168K)
 Metaspace       used 31753K, capacity 32549K, committed 32816K, reserved 1079296K
  class space    used 3363K, capacity 3624K, committed 3712K, reserved 1048576K
}
Event: 6.604 GC heap after
{Heap after GC invocations=11 (full 0):
 garbage-first heap   total 189440K, used 28834K [0x0000000081c00000, 0x0000000100000000)
  region size 1024K, 8 young (8192K), 8 survivors (8192K)
 Metaspace       used 31753K, capacity 32549K, committed 32816K, reserved 1079296K
  class space    used 3363K, capacity 3624K, committed 3712K, reserved 1048576K
}
Event: 7.089 GC heap before
{Heap before GC invocations=11 (full 0):
 garbage-first heap   total 189440K, used 132258K [0x0000000081c00000, 0x0000000100000000)
  region size 1024K, 109 young (111616K), 8 survivors (8192K)
 Metaspace       used 31782K, capacity 32613K, committed 32816K, reserved 1079296K
  class space    used 3365K, capacity 3624K, committed 3712K, reserved 1048576K
}
Event: 7.099 GC heap after
{Heap after GC invocations=12 (full 0):
 garbage-first heap   total 189440K, used 28736K [0x0000000081c00000, 0x0000000100000000)
  region size 1024K, 8 young (8192K), 8 survivors (8192K)
 Metaspace       used 31782K, capacity 32613K, committed 32816K, reserved 1079296K
  class space    used 3365K, capacity 3624K, committed 3712K, reserved 1048576K
}
Event: 7.657 GC heap before
{Heap before GC invocations=12 (full 0):
 garbage-first heap   total 189440K, used 58432K [0x0000000081c00000, 0x0000000100000000)
  region size 1024K, 38 young (38912K), 8 survivors (8192K)
 Metaspace       used 35015K, capacity 35852K, committed 35920K, reserved 1081344K
  class space    used 3785K, capacity 4073K, committed 4096K, reserved 1048576K
}
Event: 7.666 GC heap after
{Heap after GC invocations=13 (full 0):
 garbage-first heap   total 189440K, used 26348K [0x0000000081c00000, 0x0000000100000000)
  region size 1024K, 5 young (5120K), 5 survivors (5120K)
 Metaspace       used 35015K, capacity 35852K, committed 35920K, reserved 1081344K
  class space    used 3785K, capacity 4073K, committed 4096K, reserved 1048576K
}

Deoptimization events (10 events):
Event: 7.431 Thread 0x000001bd78253000 Uncommon trap: reason=class_check action=maybe_recompile pc=0x000001bd64a7ae90 method=java.util.Collections$UnmodifiableMap$UnmodifiableEntrySet$1.hasNext()Z @ 4 c2
Event: 7.431 Thread 0x000001bd78253000 Uncommon trap: reason=class_check action=maybe_recompile pc=0x000001bd64a8b28c method=java.util.Collections$UnmodifiableMap$UnmodifiableEntrySet$1.next()Ljava/util/Map$Entry; @ 8 c2
Event: 7.431 Thread 0x000001bd78253000 Uncommon trap: reason=class_check action=maybe_recompile pc=0x000001bd64a7be84 method=java.util.Collections$UnmodifiableMap$UnmodifiableEntrySet$UnmodifiableEntry.getKey()Ljava/lang/Object; @ 4 c2
Event: 7.431 Thread 0x000001bd78253000 Uncommon trap: reason=class_check action=maybe_recompile pc=0x000001bd64a8b28c method=java.util.Collections$UnmodifiableMap$UnmodifiableEntrySet$1.next()Ljava/util/Map$Entry; @ 8 c2
Event: 7.431 Thread 0x000001bd78253000 Uncommon trap: reason=class_check action=maybe_recompile pc=0x000001bd64a7be84 method=java.util.Collections$UnmodifiableMap$UnmodifiableEntrySet$UnmodifiableEntry.getKey()Ljava/lang/Object; @ 4 c2
Event: 7.491 Thread 0x000001bd78253000 Uncommon trap: reason=unstable_if action=reinterpret pc=0x000001bd64b0e1a4 method=java.util.StringTokenizer.setMaxDelimCodePoint()V @ 71 c2
Event: 7.632 Thread 0x000001bd78253000 Uncommon trap: reason=unstable_if action=reinterpret pc=0x000001bd64a41d2c method=java.net.URL.<init>(Ljava/net/URL;Ljava/lang/String;Ljava/net/URLStreamHandler;)V @ 57 c2
Event: 7.632 Thread 0x000001bd78253000 Uncommon trap: reason=unstable_if action=reinterpret pc=0x000001bd64c26be0 method=java.net.URLStreamHandler.parseURL(Ljava/net/URL;Ljava/lang/String;II)V @ 57 c2
Event: 7.708 Thread 0x000001bd78253000 Uncommon trap: reason=unstable_if action=reinterpret pc=0x000001bd64b833e4 method=java.lang.AbstractStringBuilder.appendChars([CII)V @ 10 c2
Event: 7.743 Thread 0x000001bd78253000 Uncommon trap: reason=unstable_if action=reinterpret pc=0x000001bd64b8f3e4 method=com.sun.org.apache.xerces.internal.impl.XMLEntityScanner.scanLiteral(ILcom/sun/org/apache/xerces/internal/xni/XMLString;Z)I @ 660 c2

Classes redefined (0 events):
No events

Internal exceptions (10 events):
Event: 7.428 Thread 0x000001bd78253000 Exception <a 'java/lang/ClassNotFoundException'{0x000000008bd176b8}: org/apache/log4j/LayoutCustomizer> (0x000000008bd176b8) thrown at [t:/workspace/open/src/hotspot/share/classfile/systemDictionary.cpp, line 231]
Event: 7.433 Thread 0x000001bd78253000 Exception <a 'java/lang/ClassNotFoundException'{0x000000008bd36220}: org/apache/log4j/PatternLayoutCustomizer> (0x000000008bd36220) thrown at [t:/workspace/open/src/hotspot/share/classfile/systemDictionary.cpp, line 231]
Event: 7.449 Thread 0x000001bd78253000 Exception <a 'java/lang/NoSuchMethodError'{0x000000008bd75f98}: java.lang.invoke.DirectMethodHandle$Holder.invokeStaticInit(Ljava/lang/Object;Ljava/lang/Object;Ljava/lang/Object;)V> (0x000000008bd75f98) thrown at [t:/workspace/open/src/hotspot/share/inter
Event: 7.481 Thread 0x000001bd78253000 Exception <a 'java/lang/NoSuchMethodError'{0x000000008bc73530}: java.lang.invoke.DirectMethodHandle$Holder.invokeStaticInit(Ljava/lang/Object;Ljava/lang/Object;)I> (0x000000008bc73530) thrown at [t:/workspace/open/src/hotspot/share/interpreter/linkResolve
Event: 7.525 Thread 0x000001bd78253000 Exception <a 'java/lang/NoSuchMethodError'{0x000000008bba8ab0}: java.lang.invoke.DirectMethodHandle$Holder.invokeSpecial(Ljava/lang/Object;Ljava/lang/Object;IILjava/lang/Object;Ljava/lang/Object;Ljava/lang/Object;Ljava/lang/Object;)Ljava/lang/Object;> (0x
Event: 7.525 Thread 0x000001bd78253000 Exception <a 'java/lang/NoSuchMethodError'{0x000000008bbac1e8}: java.lang.invoke.DelegatingMethodHandle$Holder.reinvoke_L(Ljava/lang/Object;IILjava/lang/Object;Ljava/lang/Object;Ljava/lang/Object;Ljava/lang/Object;)Ljava/lang/Object;> (0x000000008bbac1e8)
Event: 7.530 Thread 0x000001bd78253000 Exception <a 'java/lang/NoSuchMethodError'{0x000000008bbbab98}: java.lang.invoke.DirectMethodHandle$Holder.invokeStatic(Ljava/lang/Object;Ljava/lang/Object;Ljava/lang/Object;Ljava/lang/Object;Ljava/lang/Object;Ljava/lang/Object;I)Ljava/lang/Object;> (0x00
Event: 7.546 Thread 0x000001bd78253000 Exception <a 'java/io/FileNotFoundException'{0x000000008ba460c8}> (0x000000008ba460c8) thrown at [t:/workspace/open/src/hotspot/share/prims/jni.cpp, line 615]
Event: 7.559 Thread 0x000001bd78253000 Exception <a 'java/lang/NoSuchMethodError'{0x000000008baa15a8}: java.lang.invoke.DirectMethodHandle$Holder.invokeVirtual(Ljava/lang/Object;Ljava/lang/Object;Ljava/lang/Object;)Ljava/lang/Object;> (0x000000008baa15a8) thrown at [t:/workspace/open/src/hotsp
Event: 7.699 Thread 0x000001bd78253000 Exception <a 'java/lang/ClassNotFoundException'{0x000000008d4133f8}: com/sun/org/apache/xerces/internal/impl/xpath/regex/spi/messageProvider> (0x000000008d4133f8) thrown at [t:/workspace/open/src/hotspot/share/classfile/systemDictionary.cpp, line 231]

Events (10 events):
Event: 7.806 loading class com/sun/org/apache/xerces/internal/xs/AttributePSVI done
Event: 7.806 loading class com/sun/org/apache/xerces/internal/impl/xs/AttributePSVImpl done
Event: 7.806 loading class com/sun/org/apache/xerces/internal/impl/dv/xs/ListDV$ListData
Event: 7.806 loading class com/sun/org/apache/xerces/internal/xs/datatypes/ObjectList
Event: 7.806 loading class com/sun/org/apache/xerces/internal/xs/datatypes/ObjectList done
Event: 7.807 loading class com/sun/org/apache/xerces/internal/impl/dv/xs/ListDV$ListData done
Event: 7.807 loading class com/sun/org/apache/xerces/internal/impl/xs/util/ShortListImpl
Event: 7.807 loading class com/sun/org/apache/xerces/internal/xs/ShortList
Event: 7.807 loading class com/sun/org/apache/xerces/internal/xs/ShortList done
Event: 7.807 loading class com/sun/org/apache/xerces/internal/impl/xs/util/ShortListImpl done


Dynamic libraries:
0x00007ff70fd10000 - 0x00007ff70fd57000 	C:\Program Files\Java\jdk-11.0.5\bin\java.exe
0x00007ffdb9fe0000 - 0x00007ffdba1d0000 	C:\WINDOWS\SYSTEM32\ntdll.dll
0x00007ffdb8840000 - 0x00007ffdb88f2000 	C:\WINDOWS\System32\KERNEL32.DLL
0x00007ffdb7560000 - 0x00007ffdb7803000 	C:\WINDOWS\System32\KERNELBASE.dll
0x00007ffdb8e70000 - 0x00007ffdb8f13000 	C:\WINDOWS\System32\ADVAPI32.dll
0x00007ffdb8600000 - 0x00007ffdb869e000 	C:\WINDOWS\System32\msvcrt.dll
0x00007ffdb9110000 - 0x00007ffdb91a7000 	C:\WINDOWS\System32\sechost.dll
0x00007ffdb8ff0000 - 0x00007ffdb9110000 	C:\WINDOWS\System32\RPCRT4.dll
0x00007ffdb86a0000 - 0x00007ffdb8834000 	C:\WINDOWS\System32\USER32.dll
0x00007ffdb70c0000 - 0x00007ffdb70e1000 	C:\WINDOWS\System32\win32u.dll
0x00007ffdb85d0000 - 0x00007ffdb85f6000 	C:\WINDOWS\System32\GDI32.dll
0x00007ffdb7290000 - 0x00007ffdb7424000 	C:\WINDOWS\System32\gdi32full.dll
0x00007ffdb7140000 - 0x00007ffdb71de000 	C:\WINDOWS\System32\msvcp_win.dll
0x00007ffdb7430000 - 0x00007ffdb752a000 	C:\WINDOWS\System32\ucrtbase.dll
0x00007ffda9bb0000 - 0x00007ffda9e35000 	C:\WINDOWS\WinSxS\amd64_microsoft.windows.common-controls_6595b64144ccf1df_6.0.18362.592_none_e6c0b1911312be02\COMCTL32.dll
0x00007ffdb8130000 - 0x00007ffdb8466000 	C:\WINDOWS\System32\combase.dll
0x00007ffdabfe0000 - 0x00007ffdabfea000 	C:\WINDOWS\SYSTEM32\VERSION.dll
0x00007ffdb7810000 - 0x00007ffdb7890000 	C:\WINDOWS\System32\bcryptPrimitives.dll
0x00007ffdb8100000 - 0x00007ffdb812e000 	C:\WINDOWS\System32\IMM32.DLL
0x00007ffdb34a0000 - 0x00007ffdb34b6000 	C:\Program Files\Java\jdk-11.0.5\bin\vcruntime140.dll
0x00007ffdb0bd0000 - 0x00007ffdb0c7a000 	C:\Program Files\Java\jdk-11.0.5\bin\msvcp140.dll
0x00007ffd70e40000 - 0x00007ffd71968000 	C:\Program Files\Java\jdk-11.0.5\bin\server\jvm.dll
0x00007ffdb8a60000 - 0x00007ffdb8a68000 	C:\WINDOWS\System32\PSAPI.DLL
0x00007ffd9ab90000 - 0x00007ffd9ab99000 	C:\WINDOWS\SYSTEM32\WSOCK32.dll
0x00007ffdb4770000 - 0x00007ffdb4794000 	C:\WINDOWS\SYSTEM32\WINMM.dll
0x00007ffdb8bf0000 - 0x00007ffdb8c5f000 	C:\WINDOWS\System32\WS2_32.dll
0x00007ffdb4740000 - 0x00007ffdb476d000 	C:\WINDOWS\SYSTEM32\winmmbase.dll
0x00007ffdb70f0000 - 0x00007ffdb713a000 	C:\WINDOWS\System32\cfgmgr32.dll
0x00007ffdb6f10000 - 0x00007ffdb6f21000 	C:\WINDOWS\System32\kernel.appcore.dll
0x00007ffdb0f10000 - 0x00007ffdb0f21000 	C:\Program Files\Java\jdk-11.0.5\bin\verify.dll
0x00007ffd9dcc0000 - 0x00007ffd9deb4000 	C:\WINDOWS\SYSTEM32\DBGHELP.DLL
0x00007ffd9dc90000 - 0x00007ffd9dcba000 	C:\WINDOWS\SYSTEM32\dbgcore.DLL
0x00007ffdb0ba0000 - 0x00007ffdb0bc9000 	C:\Program Files\Java\jdk-11.0.5\bin\java.dll
0x00007ffdb0e10000 - 0x00007ffdb0e3f000 	C:\Program Files\Java\jdk-11.0.5\bin\instrument.dll
0x00007ffdb0ef0000 - 0x00007ffdb0f06000 	C:\Program Files\Java\jdk-11.0.5\bin\zip.dll
0x00007ffdb3500000 - 0x00007ffdb350a000 	C:\Program Files\Java\jdk-11.0.5\bin\jimage.dll
0x00007ffdb93d0000 - 0x00007ffdb9ab5000 	C:\WINDOWS\System32\SHELL32.dll
0x00007ffdb8a90000 - 0x00007ffdb8b39000 	C:\WINDOWS\System32\shcore.dll
0x00007ffdb7890000 - 0x00007ffdb800f000 	C:\WINDOWS\System32\windows.storage.dll
0x00007ffdb6f30000 - 0x00007ffdb6f4f000 	C:\WINDOWS\System32\profapi.dll
0x00007ffdb6ec0000 - 0x00007ffdb6f0a000 	C:\WINDOWS\System32\powrprof.dll
0x00007ffdb6eb0000 - 0x00007ffdb6ec0000 	C:\WINDOWS\System32\UMPDC.dll
0x00007ffdb9ac0000 - 0x00007ffdb9b12000 	C:\WINDOWS\System32\shlwapi.dll
0x00007ffdb8010000 - 0x00007ffdb8027000 	C:\WINDOWS\System32\cryptsp.dll
0x00007ffdb0d60000 - 0x00007ffdb0d79000 	C:\Program Files\Java\jdk-11.0.5\bin\net.dll
0x00007ffdaa300000 - 0x00007ffdaa3f0000 	C:\WINDOWS\SYSTEM32\WINHTTP.dll
0x00007ffdb6720000 - 0x00007ffdb6787000 	C:\WINDOWS\system32\mswsock.dll
0x00007ffdb0d10000 - 0x00007ffdb0d23000 	C:\Program Files\Java\jdk-11.0.5\bin\nio.dll
0x00007ffdb34c0000 - 0x00007ffdb34da000 	D:\IntelliJ IDEA 2019.1.4\bin\breakgen64.dll
0x00007ffdb6290000 - 0x00007ffdb62c3000 	C:\WINDOWS\system32\rsaenh.dll
0x00007ffdb7530000 - 0x00007ffdb7556000 	C:\WINDOWS\System32\bcrypt.dll
0x00007ffdb6dd0000 - 0x00007ffdb6df5000 	C:\WINDOWS\SYSTEM32\USERENV.dll
0x00007ffdb68f0000 - 0x00007ffdb68fc000 	C:\WINDOWS\SYSTEM32\CRYPTBASE.dll
0x00007ffdb6430000 - 0x00007ffdb646a000 	C:\WINDOWS\SYSTEM32\IPHLPAPI.DLL
0x00007ffdb9f90000 - 0x00007ffdb9f98000 	C:\WINDOWS\System32\NSI.dll
0x00007ffdac0d0000 - 0x00007ffdac0e6000 	C:\WINDOWS\SYSTEM32\dhcpcsvc6.DLL
0x00007ffdac8d0000 - 0x00007ffdac8ec000 	C:\WINDOWS\SYSTEM32\dhcpcsvc.DLL
0x00007ffdb6470000 - 0x00007ffdb653a000 	C:\WINDOWS\SYSTEM32\DNSAPI.dll
0x00007ffdb0db0000 - 0x00007ffdb0dba000 	C:\Users\wzy\AppData\Local\Temp\jansi-1.16-13713253801778230067.dll
0x00007ffdb0da0000 - 0x00007ffdb0daa000 	C:\Users\wzy\AppData\Local\Temp\jansi-1.16-8292840800787123435.dll
0x00007ffdb3490000 - 0x00007ffdb3499000 	C:\Program Files\Java\jdk-11.0.5\bin\management.dll
0x00007ffdb0eb0000 - 0x00007ffdb0ebc000 	C:\Program Files\Java\jdk-11.0.5\bin\management_ext.dll

dbghelp: loaded successfully - version: 4.0.5 - missing functions: none
symbol engine: initialized successfully - sym options: 0x614 - pdb path: .;C:\Program Files\Java\jdk-11.0.5\bin;C:\WINDOWS\SYSTEM32;C:\WINDOWS\WinSxS\amd64_microsoft.windows.common-controls_6595b64144ccf1df_6.0.18362.592_none_e6c0b1911312be02;C:\Program Files\Java\jdk-11.0.5\bin\server;D:\IntelliJ IDEA 2019.1.4\bin;C:\Users\wzy\AppData\Local\Temp

VM Arguments:
jvm_args: -Dmaven.multiModuleProjectDirectory=C:\itcast_health\health_mobile_backend -DarchetypeCatalog=internal -Dmaven.home=D:\apache-maven-3.5.2 -Dclassworlds.conf=D:\apache-maven-3.5.2\bin\m2.conf -javaagent:D:\IntelliJ IDEA 2019.1.4\lib\idea_rt.jar=62982:D:\IntelliJ IDEA 2019.1.4\bin -Dfile.encoding=UTF-8 
java_command: org.codehaus.classworlds.Launcher -Didea.version2019.1.4 -s D:\apache-maven-3.5.2\conf\settings.xml -Dmaven.repo.local=D:\maven_repository tomcat7:run
java_class_path (initial): D:\apache-maven-3.5.2\boot\plexus-classworlds-2.5.2.jar
Launcher Type: SUN_STANDARD

[Global flags]
     intx CICompilerCount                          = 4                                         {product} {ergonomic}
     uint ConcGCThreads                            = 2                                         {product} {ergonomic}
     uint G1ConcRefinementThreads                  = 8                                         {product} {ergonomic}
   size_t G1HeapRegionSize                         = 1048576                                   {product} {ergonomic}
    uintx GCDrainStackTargetSize                   = 64                                        {product} {ergonomic}
   size_t InitialHeapSize                          = 134217728                                 {product} {ergonomic}
   size_t MarkStackSize                            = 4194304                                   {product} {ergonomic}
   size_t MaxHeapSize                              = 2118123520                                {product} {ergonomic}
   size_t MaxNewSize                               = 1270874112                                {product} {ergonomic}
   size_t MinHeapDeltaBytes                        = 1048576                                   {product} {ergonomic}
    uintx NonNMethodCodeHeapSize                   = 5836300                                {pd product} {ergonomic}
    uintx NonProfiledCodeHeapSize                  = 122910970                              {pd product} {ergonomic}
    uintx ProfiledCodeHeapSize                     = 122910970                              {pd product} {ergonomic}
    uintx ReservedCodeCacheSize                    = 251658240                              {pd product} {ergonomic}
     bool SegmentedCodeCache                       = true                                      {product} {ergonomic}
     bool UseCompressedClassPointers               = true                                 {lp64_product} {ergonomic}
     bool UseCompressedOops                        = true                                 {lp64_product} {ergonomic}
     bool UseG1GC                                  = true                                      {product} {ergonomic}
     bool UseLargePagesIndividualAllocation        = false                                  {pd product} {ergonomic}

Logging:
Log output configuration:
 #0: stdout all=warning uptime,level,tags
 #1: stderr all=off uptime,level,tags

Environment Variables:
JAVA_HOME=C:\Program Files\Java\jdk-11.0.5
CLASSPATH=.;C:\Program Files\Java\jdk-11.0.5\lib;C:\Program Files\Java\jdk-11.0.5\lib\tools.jar
PATH=D:\IntelliJ IDEA 2019.1.4\jre64\\bin;D:\IntelliJ IDEA 2019.1.4\jre64\\bin\server;C:\Program Files\Java\jdk-11.0.5\bin;C:\Program Files\Java\jdk-11.0.5\jre\bin;C:\Program Files (x86)\Intel\iCLS Client\;C:\Program Files\Intel\iCLS Client\;C:\Windows\system32;C:\Windows;C:\Windows\System32\Wbem;C:\Windows\System32\WindowsPowerShell\v1.0\;C:\Program Files (x86)\Intel\Intel(R) Management Engine Components\DAL;C:\Program Files\Intel\Intel(R) Management Engine Components\DAL;C:\Program Files (x86)\Intel\Intel(R) Management Engine Components\IPT;C:\Program Files\Intel\Intel(R) Management Engine Components\IPT;C:\Program Files (x86)\NVIDIA Corporation\PhysX\Common;C:\Program Files\Intel\WiFi\bin\;C:\Program Files\Common Files\Intel\WirelessCommon\;C:\WINDOWS\system32;C:\WINDOWS;C:\WINDOWS\System32\Wbem;C:\WINDOWS\System32\WindowsPowerShell\v1.0\;C:\WINDOWS\System32\OpenSSH\;C:\Program Files\MySQL\MySQL Server 5.5\bin;D:\apache-maven-3.5.2\bin;C:\Program Files\nodejs\;D:\Git\mingw64\libexec\git-core;D:\Git\mingw64\bin;C:\Program Files\Git\cmd;C:\Users\wzy\AppData\Local\Microsoft\WindowsApps;;D:\IntelliJ IDEA 2019.1.4\bin;;C:\Users\wzy\AppData\Roaming\npm
USERNAME=wzy
OS=Windows_NT
PROCESSOR_IDENTIFIER=Intel64 Family 6 Model 142 Stepping 10, GenuineIntel



---------------  S Y S T E M  ---------------

OS: Windows 10 , 64 bit Build 18362 (10.0.18362.329)

CPU:total 8 (initial active 8) (4 cores per cpu, 2 threads per core) family 6 model 142 stepping 10, cmov, cx8, fxsr, mmx, sse, sse2, sse3, ssse3, sse4.1, sse4.2, popcnt, avx, avx2, aes, clmul, erms, 3dnowpref, lzcnt, ht, tsc, tscinvbit, bmi1, bmi2, adx, fma

Memory: 4k page, system-wide physical 8076M (581M free)
TotalPageFile size 23377M (AvailPageFile size 0M)
current process WorkingSet (physical memory assigned to process): 369M, peak: 369M
current process commit charge ("private bytes"): 449M, peak: 449M

vm_info: Java HotSpot(TM) 64-Bit Server VM (11.0.5+10-LTS) for windows-amd64 JRE (11.0.5+10-LTS), built on Oct  6 2019 12:37:14 by "mach5one" with MS VC++ 15.5 (VS2017)

END.
