#
# There is insufficient memory for the Java Runtime Environment to continue.
# Native memory allocation (mmap) failed to map 32505856 bytes for Failed to commit area from 0x000000008b600000 to 0x000000008d500000 of length 32505856.
# Possible reasons:
#   The system is out of physical RAM or swap space
#   The process is running with CompressedOops enabled, and the Java Heap may be blocking the growth of the native heap
# Possible solutions:
#   Reduce memory load on the system
#   Increase physical memory or swap space
#   Check if swap backing store is full
#   Decrease Java heap size (-Xmx/-Xms)
#   Decrease number of Java threads
#   Decrease Java thread stack sizes (-Xss)
#   Set larger code cache with -XX:ReservedCodeCacheSize=
#   JVM is running with Unscaled Compressed Oops mode in which the Java heap is
#     placed in the first 4GB address space. The Java Heap base address is the
#     maximum limit for the native heap growth. Please use -XX:HeapBaseMinAddress
#     to set the Java Heap base and to place the Java Heap above 4GB virtual address.
# This output file may be truncated or incomplete.
#
#  Out of Memory Error (t:/workspace/open/src/hotspot/os/windows/os_windows.cpp:3274), pid=38992, tid=41508
#
# JRE version: Java(TM) SE Runtime Environment (11.0.5+10) (build 11.0.5+10-LTS)
# Java VM: Java HotSpot(TM) 64-Bit Server VM (11.0.5+10-LTS, mixed mode, tiered, compressed oops, g1 gc, windows-amd64)
# No core dump will be written. Minidumps are not enabled by default on client versions of Windows
#

---------------  S U M M A R Y ------------

Command Line: -Dmaven.multiModuleProjectDirectory=C:\itcast_health\health_mobile_backend -DarchetypeCatalog=internal -Dmaven.home=D:\apache-maven-3.5.2 -Dclassworlds.conf=D:\apache-maven-3.5.2\bin\m2.conf -javaagent:D:\IntelliJ IDEA 2019.1.4\lib\idea_rt.jar=62972:D:\IntelliJ IDEA 2019.1.4\bin -Dfile.encoding=UTF-8 org.codehaus.classworlds.Launcher -Didea.version2019.1.4 -s D:\apache-maven-3.5.2\conf\settings.xml -Dmaven.repo.local=D:\maven_repository tomcat7:run

Host: Intel(R) Core(TM) i5-8250U CPU @ 1.60GHz, 8 cores, 7G,  Windows 10 , 64 bit Build 18362 (10.0.18362.329)
Time: Wed Jan 29 13:11:40 2020 ?D1¨²¡À¨º¡Á?¨º¡À?? elapsed time: 6 seconds (0d 0h 0m 6s)

---------------  T H R E A D  ---------------

Current thread (0x000002532f1b9800):  VMThread "VM Thread" [stack: 0x00000060d8b00000,0x00000060d8c00000] [id=41508]

Stack: [0x00000060d8b00000,0x00000060d8c00000]
[error occurred during error reporting (printing stack bounds), id 0xc0000005, EXCEPTION_ACCESS_VIOLATION (0xc0000005) at pc=0x0000025318910bad]

Native frames: (J=compiled Java code, j=interpreted, Vv=VM code, C=native code)
V  [jvm.dll+0x63611a]
V  [jvm.dll+0x77426f]
V  [jvm.dll+0x77591a]
V  [jvm.dll+0x775f35]
V  [jvm.dll+0x775eeb]
V  [jvm.dll+0x635826]
V  [jvm.dll+0x635be8]
C  [ntdll.dll+0xa11ff]
C  [ntdll.dll+0x6a289]
C  [ntdll.dll+0x9fe6e]
C  0x0000025318910bad

VM_Operation (0x00000060d9dfe320): G1CollectForAllocation, mode: safepoint, requested by thread 0x00000253350cf000


---------------  P R O C E S S  ---------------

Threads class SMR info:
_java_thread_list=0x000002533131d640, length=15, elements={
0x00000253105ab800, 0x000002532f1de000, 0x000002532f1e7000, 0x000002532fa5a000,
0x000002532fa5d000, 0x000002532fa61800, 0x000002532fa63000, 0x000002532fa6e800,
0x000002532fbd9800, 0x000002532fcb0800, 0x000002532fcc7000, 0x00000253305a7000,
0x0000025330f0e800, 0x00000253332b1000, 0x00000253350cf000
}

Java Threads: ( => current thread )
  0x00000253105ab800 JavaThread "main" [_thread_blocked, id=35244, stack(0x00000060d8500000,0x00000060d8600000)]
  0x000002532f1de000 JavaThread "Reference Handler" daemon [_thread_blocked, id=41132, stack(0x00000060d8c00000,0x00000060d8d00000)]
  0x000002532f1e7000 JavaThread "Finalizer" daemon [_thread_blocked, id=41940, stack(0x00000060d8d00000,0x00000060d8e00000)]
  0x000002532fa5a000 JavaThread "Signal Dispatcher" daemon [_thread_blocked, id=34368, stack(0x00000060d8e00000,0x00000060d8f00000)]
  0x000002532fa5d000 JavaThread "Attach Listener" daemon [_thread_blocked, id=42060, stack(0x00000060d8f00000,0x00000060d9000000)]
  0x000002532fa61800 JavaThread "C2 CompilerThread0" daemon [_thread_blocked, id=36104, stack(0x00000060d9000000,0x00000060d9100000)]
  0x000002532fa63000 JavaThread "C1 CompilerThread0" daemon [_thread_blocked, id=41292, stack(0x00000060d9100000,0x00000060d9200000)]
  0x000002532fa6e800 JavaThread "Sweeper thread" daemon [_thread_blocked, id=40580, stack(0x00000060d9200000,0x00000060d9300000)]
  0x000002532fbd9800 JavaThread "Common-Cleaner" daemon [_thread_blocked, id=41744, stack(0x00000060d9300000,0x00000060d9400000)]
  0x000002532fcb0800 JavaThread "Monitor Ctrl-Break" daemon [_thread_in_native, id=38820, stack(0x00000060d9400000,0x00000060d9500000)]
  0x000002532fcc7000 JavaThread "Service Thread" daemon [_thread_blocked, id=18676, stack(0x00000060d9500000,0x00000060d9600000)]
  0x00000253305a7000 JavaThread "C2 CompilerThread1" daemon [_thread_in_native, id=32988, stack(0x00000060d9700000,0x00000060d9800000)]
  0x0000025330f0e800 JavaThread "C2 CompilerThread2" daemon [_thread_blocked, id=39200, stack(0x00000060d9800000,0x00000060d9900000)]
  0x00000253332b1000 JavaThread "Tomcat-startStop-1" daemon [_thread_blocked, id=21584, stack(0x00000060d9c00000,0x00000060d9d00000)]
  0x00000253350cf000 JavaThread "localhost-startStop-1" daemon [_thread_blocked, id=41040, stack(0x00000060d9d00000,0x00000060d9e00000)]

Other Threads:
=>0x000002532f1b9800 VMThread "VM Thread" [stack: 0x00000060d8b00000,0x00000060d8c00000] [id=41508]
  0x000002532fcd1800 WatcherThread [stack: 0x00000060d9600000,0x00000060d9700000] [id=27372]
  0x00000253105c3800 GCTaskThread "GC Thread#0" [stack: 0x00000060d8600000,0x00000060d8700000] [id=42048]
  0x0000025330eea800 GCTaskThread "GC Thread#1" [stack: 0x00000060d9900000,0x00000060d9a00000] [id=10512]
  0x00000253312c3800 GCTaskThread "GC Thread#2" [stack: 0x00000060d9a00000,0x00000060d9b00000] [id=42572]
  0x00000253105f5000 ConcurrentGCThread "G1 Main Marker" [stack: 0x00000060d8700000,0x00000060d8800000] [id=39028]
  0x00000253105f7000 ConcurrentGCThread "G1 Conc#0" [stack: 0x00000060d8800000,0x00000060d8900000] [id=33456]
  0x0000025330fe1000 ConcurrentGCThread "G1 Conc#1" [stack: 0x00000060d9b00000,0x00000060d9c00000] [id=40964]
  0x000002532f022800 ConcurrentGCThread "G1 Refine#0" [stack: 0x00000060d8900000,0x00000060d8a00000] [id=41892]
  0x0000025310679000 ConcurrentGCThread "G1 Young RemSet Sampling" [stack: 0x00000060d8a00000,0x00000060d8b00000] [id=35836]

Threads with active compile tasks:
C2 CompilerThread15002   !   4       org.apache.catalina.startup.ContextConfig::populateJavaClassCache (159 bytes)

VM state:at safepoint (normal execution)

VM Mutex/Monitor currently owned by a thread:  ([mutex/lock_event])
[0x00000253105a8200] Threads_lock - owner thread: 0x000002532f1b9800
[0x00000253105a8320] Heap_lock - owner thread: 0x00000253350cf000

Heap address: 0x0000000081c00000, size: 2020 MB, Compressed Oops mode: 32-bit
Narrow klass base: 0x0000000000000000, Narrow klass shift: 3
Compressed class space size: 1073741824 Address: 0x0000000100000000

Heap:
 garbage-first heap   total 189440K, used 29172K [0x0000000081c00000, 0x0000000100000000)
  region size 1024K, 7 young (7168K), 7 survivors (7168K)
 Metaspace       used 31787K, capacity 32613K, committed 32816K, reserved 1079296K
  class space    used 3365K, capacity 3624K, committed 3712K, reserved 1048576K
Heap Regions: E=young(eden), S=young(survivor), O=old, HS=humongous(starts), HC=humongous(continues), CS=collection set, F=free, A=archive, TAMS=top-at-mark-start (previous, next)
|   0|0x0000000081c00000, 0x0000000081d00000, 0x0000000081d00000|100%| O|  |TAMS 0x0000000081cc5e00, 0x0000000081c00000| Untracked 
|   1|0x0000000081d00000, 0x0000000081e00000, 0x0000000081e00000|100%| O|  |TAMS 0x0000000081d00000, 0x0000000081d00000| Untracked 
|   2|0x0000000081e00000, 0x0000000081f00000, 0x0000000081f00000|100%| O|  |TAMS 0x0000000081e00000, 0x0000000081e00000| Untracked 
|   3|0x0000000081f00000, 0x0000000082000000, 0x0000000082000000|100%| O|  |TAMS 0x0000000081f00000, 0x0000000081f00000| Untracked 
|   4|0x0000000082000000, 0x0000000082100000, 0x0000000082100000|100%| O|  |TAMS 0x0000000082000000, 0x0000000082000000| Untracked 
|   5|0x0000000082100000, 0x0000000082200000, 0x0000000082200000|100%| O|  |TAMS 0x0000000082100000, 0x0000000082100000| Untracked 
|   6|0x0000000082200000, 0x0000000082300000, 0x0000000082300000|100%| O|  |TAMS 0x0000000082200000, 0x0000000082200000| Untracked 
|   7|0x0000000082300000, 0x0000000082400000, 0x0000000082400000|100%| O|  |TAMS 0x0000000082300000, 0x0000000082300000| Untracked 
|   8|0x0000000082400000, 0x0000000082500000, 0x0000000082500000|100%| O|  |TAMS 0x0000000082400000, 0x0000000082400000| Untracked 
|   9|0x0000000082500000, 0x0000000082600000, 0x0000000082600000|100%| O|  |TAMS 0x0000000082500000, 0x0000000082500000| Untracked 
|  10|0x0000000082600000, 0x0000000082700000, 0x0000000082700000|100%| O|  |TAMS 0x0000000082600000, 0x0000000082600000| Untracked 
|  11|0x0000000082700000, 0x0000000082800000, 0x0000000082800000|100%| O|  |TAMS 0x0000000082700000, 0x0000000082700000| Untracked 
|  12|0x0000000082800000, 0x0000000082900000, 0x0000000082900000|100%| O|  |TAMS 0x0000000082800000, 0x0000000082800000| Untracked 
|  13|0x0000000082900000, 0x0000000082a00000, 0x0000000082a00000|100%| O|  |TAMS 0x0000000082900000, 0x0000000082900000| Untracked 
|  14|0x0000000082a00000, 0x0000000082b00000, 0x0000000082b00000|100%| O|  |TAMS 0x0000000082a00000, 0x0000000082a00000| Untracked 
|  15|0x0000000082b00000, 0x0000000082c00000, 0x0000000082c00000|100%| O|  |TAMS 0x0000000082b00000, 0x0000000082b00000| Untracked 
|  16|0x0000000082c00000, 0x0000000082d00000, 0x0000000082d00000|100%| O|  |TAMS 0x0000000082c00000, 0x0000000082c00000| Untracked 
|  17|0x0000000082d00000, 0x0000000082e00000, 0x0000000082e00000|100%| O|  |TAMS 0x0000000082d00000, 0x0000000082d00000| Untracked 
|  18|0x0000000082e00000, 0x0000000082f00000, 0x0000000082f00000|100%| O|  |TAMS 0x0000000082e00000, 0x0000000082e00000| Untracked 
|  19|0x0000000082f00000, 0x0000000083000000, 0x0000000083000000|100%| O|  |TAMS 0x0000000082f00000, 0x0000000082f00000| Untracked 
|  20|0x0000000083000000, 0x0000000083100000, 0x0000000083100000|100%| O|  |TAMS 0x0000000083000000, 0x0000000083000000| Untracked 
|  21|0x0000000083100000, 0x00000000831a2a00, 0x0000000083200000| 63%| O|  |TAMS 0x0000000083100000, 0x0000000083100000| Untracked 
|  22|0x0000000083200000, 0x0000000083200000, 0x0000000083300000|  0%| F|  |TAMS 0x0000000083200000, 0x0000000083200000| Untracked 
|  23|0x0000000083300000, 0x0000000083300000, 0x0000000083400000|  0%| F|  |TAMS 0x0000000083300000, 0x0000000083300000| Untracked 
|  24|0x0000000083400000, 0x0000000083400000, 0x0000000083500000|  0%| F|  |TAMS 0x0000000083400000, 0x0000000083400000| Untracked 
|  25|0x0000000083500000, 0x0000000083500000, 0x0000000083600000|  0%| F|  |TAMS 0x0000000083500000, 0x0000000083500000| Untracked 
|  26|0x0000000083600000, 0x0000000083600000, 0x0000000083700000|  0%| F|  |TAMS 0x0000000083600000, 0x0000000083600000| Untracked 
|  27|0x0000000083700000, 0x0000000083700000, 0x0000000083800000|  0%| F|  |TAMS 0x0000000083700000, 0x0000000083700000| Untracked 
|  28|0x0000000083800000, 0x0000000083800000, 0x0000000083900000|  0%| F|  |TAMS 0x0000000083800000, 0x0000000083800000| Untracked 
|  29|0x0000000083900000, 0x0000000083900000, 0x0000000083a00000|  0%| F|  |TAMS 0x0000000083900000, 0x0000000083900000| Untracked 
|  30|0x0000000083a00000, 0x0000000083a00000, 0x0000000083b00000|  0%| F|  |TAMS 0x0000000083a00000, 0x0000000083a00000| Untracked 
|  31|0x0000000083b00000, 0x0000000083b00000, 0x0000000083c00000|  0%| F|  |TAMS 0x0000000083b00000, 0x0000000083b00000| Untracked 
|  32|0x0000000083c00000, 0x0000000083c00000, 0x0000000083d00000|  0%| F|  |TAMS 0x0000000083c00000, 0x0000000083c00000| Untracked 
|  33|0x0000000083d00000, 0x0000000083d00000, 0x0000000083e00000|  0%| F|  |TAMS 0x0000000083d00000, 0x0000000083d00000| Untracked 
|  34|0x0000000083e00000, 0x0000000083e00000, 0x0000000083f00000|  0%| F|  |TAMS 0x0000000083e00000, 0x0000000083e00000| Untracked 
|  35|0x0000000083f00000, 0x0000000083f00000, 0x0000000084000000|  0%| F|  |TAMS 0x0000000083f00000, 0x0000000083f00000| Untracked 
|  36|0x0000000084000000, 0x0000000084000000, 0x0000000084100000|  0%| F|  |TAMS 0x0000000084000000, 0x0000000084000000| Untracked 
|  37|0x0000000084100000, 0x0000000084100000, 0x0000000084200000|  0%| F|  |TAMS 0x0000000084100000, 0x0000000084100000| Untracked 
|  38|0x0000000084200000, 0x0000000084200000, 0x0000000084300000|  0%| F|  |TAMS 0x0000000084200000, 0x0000000084200000| Untracked 
|  39|0x0000000084300000, 0x0000000084300000, 0x0000000084400000|  0%| F|  |TAMS 0x0000000084300000, 0x0000000084300000| Untracked 
|  40|0x0000000084400000, 0x0000000084400000, 0x0000000084500000|  0%| F|  |TAMS 0x0000000084400000, 0x0000000084400000| Untracked 
|  41|0x0000000084500000, 0x0000000084500000, 0x0000000084600000|  0%| F|  |TAMS 0x0000000084500000, 0x0000000084500000| Untracked 
|  42|0x0000000084600000, 0x0000000084600000, 0x0000000084700000|  0%| F|  |TAMS 0x0000000084600000, 0x0000000084600000| Untracked 
|  43|0x0000000084700000, 0x0000000084700000, 0x0000000084800000|  0%| F|  |TAMS 0x0000000084700000, 0x0000000084700000| Untracked 
|  44|0x0000000084800000, 0x0000000084800000, 0x0000000084900000|  0%| F|  |TAMS 0x0000000084800000, 0x0000000084800000| Untracked 
|  45|0x0000000084900000, 0x0000000084900000, 0x0000000084a00000|  0%| F|  |TAMS 0x0000000084900000, 0x0000000084900000| Untracked 
|  46|0x0000000084a00000, 0x0000000084a00000, 0x0000000084b00000|  0%| F|  |TAMS 0x0000000084a00000, 0x0000000084a00000| Untracked 
|  47|0x0000000084b00000, 0x0000000084b00000, 0x0000000084c00000|  0%| F|  |TAMS 0x0000000084b00000, 0x0000000084b00000| Untracked 
|  48|0x0000000084c00000, 0x0000000084c00000, 0x0000000084d00000|  0%| F|  |TAMS 0x0000000084c00000, 0x0000000084c00000| Untracked 
|  49|0x0000000084d00000, 0x0000000084d00000, 0x0000000084e00000|  0%| F|  |TAMS 0x0000000084d00000, 0x0000000084d00000| Untracked 
|  50|0x0000000084e00000, 0x0000000084e00000, 0x0000000084f00000|  0%| F|  |TAMS 0x0000000084e00000, 0x0000000084e00000| Untracked 
|  51|0x0000000084f00000, 0x0000000084f00000, 0x0000000085000000|  0%| F|  |TAMS 0x0000000084f00000, 0x0000000084f00000| Untracked 
|  52|0x0000000085000000, 0x0000000085000000, 0x0000000085100000|  0%| F|  |TAMS 0x0000000085000000, 0x0000000085000000| Untracked 
|  53|0x0000000085100000, 0x0000000085100000, 0x0000000085200000|  0%| F|  |TAMS 0x0000000085100000, 0x0000000085100000| Untracked 
|  54|0x0000000085200000, 0x0000000085200000, 0x0000000085300000|  0%| F|  |TAMS 0x0000000085200000, 0x0000000085200000| Untracked 
|  55|0x0000000085300000, 0x00000000853da830, 0x0000000085400000| 85%| S|CS|TAMS 0x0000000085300000, 0x0000000085300000| Complete 
|  56|0x0000000085400000, 0x0000000085400000, 0x0000000085500000|  0%| F|  |TAMS 0x0000000085400000, 0x0000000085400000| Untracked 
|  57|0x0000000085500000, 0x0000000085600000, 0x0000000085600000|100%| S|CS|TAMS 0x0000000085500000, 0x0000000085500000| Complete 
|  58|0x0000000085600000, 0x0000000085700000, 0x0000000085700000|100%| S|CS|TAMS 0x0000000085600000, 0x0000000085600000| Complete 
|  59|0x0000000085700000, 0x0000000085800000, 0x0000000085800000|100%| S|CS|TAMS 0x0000000085700000, 0x0000000085700000| Complete 
|  60|0x0000000085800000, 0x0000000085900000, 0x0000000085900000|100%| S|CS|TAMS 0x0000000085800000, 0x0000000085800000| Complete 
|  61|0x0000000085900000, 0x0000000085a00000, 0x0000000085a00000|100%| S|CS|TAMS 0x0000000085900000, 0x0000000085900000| Complete 
|  62|0x0000000085a00000, 0x0000000085b00000, 0x0000000085b00000|100%| S|CS|TAMS 0x0000000085a00000, 0x0000000085a00000| Complete 
|  63|0x0000000085b00000, 0x0000000085b00000, 0x0000000085c00000|  0%| F|  |TAMS 0x0000000085b00000, 0x0000000085b00000| Untracked 
|  64|0x0000000085c00000, 0x0000000085c00000, 0x0000000085d00000|  0%| F|  |TAMS 0x0000000085c00000, 0x0000000085c00000| Untracked 
|  65|0x0000000085d00000, 0x0000000085d00000, 0x0000000085e00000|  0%| F|  |TAMS 0x0000000085d00000, 0x0000000085d00000| Untracked 
|  66|0x0000000085e00000, 0x0000000085e00000, 0x0000000085f00000|  0%| F|  |TAMS 0x0000000085e00000, 0x0000000085e00000| Untracked 
|  67|0x0000000085f00000, 0x0000000085f00000, 0x0000000086000000|  0%| F|  |TAMS 0x0000000085f00000, 0x0000000085f00000| Untracked 
|  68|0x0000000086000000, 0x0000000086000000, 0x0000000086100000|  0%| F|  |TAMS 0x0000000086000000, 0x0000000086000000| Untracked 
|  69|0x0000000086100000, 0x0000000086100000, 0x0000000086200000|  0%| F|  |TAMS 0x0000000086100000, 0x0000000086100000| Untracked 
|  70|0x0000000086200000, 0x0000000086200000, 0x0000000086300000|  0%| F|  |TAMS 0x0000000086200000, 0x0000000086200000| Untracked 
|  71|0x0000000086300000, 0x0000000086300000, 0x0000000086400000|  0%| F|  |TAMS 0x0000000086300000, 0x0000000086300000| Untracked 
|  72|0x0000000086400000, 0x0000000086400000, 0x0000000086500000|  0%| F|  |TAMS 0x0000000086400000, 0x0000000086400000| Untracked 
|  73|0x0000000086500000, 0x0000000086500000, 0x0000000086600000|  0%| F|  |TAMS 0x0000000086500000, 0x0000000086500000| Untracked 
|  74|0x0000000086600000, 0x0000000086600000, 0x0000000086700000|  0%| F|  |TAMS 0x0000000086600000, 0x0000000086600000| Untracked 
|  75|0x0000000086700000, 0x0000000086700000, 0x0000000086800000|  0%| F|  |TAMS 0x0000000086700000, 0x0000000086700000| Untracked 
|  76|0x0000000086800000, 0x0000000086800000, 0x0000000086900000|  0%| F|  |TAMS 0x0000000086800000, 0x0000000086800000| Untracked 
|  77|0x0000000086900000, 0x0000000086900000, 0x0000000086a00000|  0%| F|  |TAMS 0x0000000086900000, 0x0000000086900000| Untracked 
|  78|0x0000000086a00000, 0x0000000086a00000, 0x0000000086b00000|  0%| F|  |TAMS 0x0000000086a00000, 0x0000000086a00000| Untracked 
|  79|0x0000000086b00000, 0x0000000086b00000, 0x0000000086c00000|  0%| F|  |TAMS 0x0000000086b00000, 0x0000000086b00000| Untracked 
|  80|0x0000000086c00000, 0x0000000086c00000, 0x0000000086d00000|  0%| F|  |TAMS 0x0000000086c00000, 0x0000000086c00000| Untracked 
|  81|0x0000000086d00000, 0x0000000086d00000, 0x0000000086e00000|  0%| F|  |TAMS 0x0000000086d00000, 0x0000000086d00000| Untracked 
|  82|0x0000000086e00000, 0x0000000086e00000, 0x0000000086f00000|  0%| F|  |TAMS 0x0000000086e00000, 0x0000000086e00000| Untracked 
|  83|0x0000000086f00000, 0x0000000086f00000, 0x0000000087000000|  0%| F|  |TAMS 0x0000000086f00000, 0x0000000086f00000| Untracked 
|  84|0x0000000087000000, 0x0000000087000000, 0x0000000087100000|  0%| F|  |TAMS 0x0000000087000000, 0x0000000087000000| Untracked 
|  85|0x0000000087100000, 0x0000000087100000, 0x0000000087200000|  0%| F|  |TAMS 0x0000000087100000, 0x0000000087100000| Untracked 
|  86|0x0000000087200000, 0x0000000087200000, 0x0000000087300000|  0%| F|  |TAMS 0x0000000087200000, 0x0000000087200000| Untracked 
|  87|0x0000000087300000, 0x0000000087300000, 0x0000000087400000|  0%| F|  |TAMS 0x0000000087300000, 0x0000000087300000| Untracked 
|  88|0x0000000087400000, 0x0000000087400000, 0x0000000087500000|  0%| F|  |TAMS 0x0000000087400000, 0x0000000087400000| Untracked 
|  89|0x0000000087500000, 0x0000000087500000, 0x0000000087600000|  0%| F|  |TAMS 0x0000000087500000, 0x0000000087500000| Untracked 
|  90|0x0000000087600000, 0x0000000087600000, 0x0000000087700000|  0%| F|  |TAMS 0x0000000087600000, 0x0000000087600000| Untracked 
|  91|0x0000000087700000, 0x0000000087700000, 0x0000000087800000|  0%| F|  |TAMS 0x0000000087700000, 0x0000000087700000| Untracked 
|  92|0x0000000087800000, 0x0000000087800000, 0x0000000087900000|  0%| F|  |TAMS 0x0000000087800000, 0x0000000087800000| Untracked 
|  93|0x0000000087900000, 0x0000000087900000, 0x0000000087a00000|  0%| F|  |TAMS 0x0000000087900000, 0x0000000087900000| Untracked 
|  94|0x0000000087a00000, 0x0000000087a00000, 0x0000000087b00000|  0%| F|  |TAMS 0x0000000087a00000, 0x0000000087a00000| Untracked 
|  95|0x0000000087b00000, 0x0000000087b00000, 0x0000000087c00000|  0%| F|  |TAMS 0x0000000087b00000, 0x0000000087b00000| Untracked 
|  96|0x0000000087c00000, 0x0000000087c00000, 0x0000000087d00000|  0%| F|  |TAMS 0x0000000087c00000, 0x0000000087c00000| Untracked 
|  97|0x0000000087d00000, 0x0000000087d00000, 0x0000000087e00000|  0%| F|  |TAMS 0x0000000087d00000, 0x0000000087d00000| Untracked 
|  98|0x0000000087e00000, 0x0000000087e00000, 0x0000000087f00000|  0%| F|  |TAMS 0x0000000087e00000, 0x0000000087e00000| Untracked 
|  99|0x0000000087f00000, 0x0000000087f00000, 0x0000000088000000|  0%| F|  |TAMS 0x0000000087f00000, 0x0000000087f00000| Untracked 
| 100|0x0000000088000000, 0x0000000088000000, 0x0000000088100000|  0%| F|  |TAMS 0x0000000088000000, 0x0000000088000000| Untracked 
| 101|0x0000000088100000, 0x0000000088100000, 0x0000000088200000|  0%| F|  |TAMS 0x0000000088100000, 0x0000000088100000| Untracked 
| 102|0x0000000088200000, 0x0000000088200000, 0x0000000088300000|  0%| F|  |TAMS 0x0000000088200000, 0x0000000088200000| Untracked 
| 103|0x0000000088300000, 0x0000000088300000, 0x0000000088400000|  0%| F|  |TAMS 0x0000000088300000, 0x0000000088300000| Untracked 
| 104|0x0000000088400000, 0x0000000088400000, 0x0000000088500000|  0%| F|  |TAMS 0x0000000088400000, 0x0000000088400000| Untracked 
| 105|0x0000000088500000, 0x0000000088500000, 0x0000000088600000|  0%| F|  |TAMS 0x0000000088500000, 0x0000000088500000| Untracked 
| 106|0x0000000088600000, 0x0000000088600000, 0x0000000088700000|  0%| F|  |TAMS 0x0000000088600000, 0x0000000088600000| Untracked 
| 107|0x0000000088700000, 0x0000000088700000, 0x0000000088800000|  0%| F|  |TAMS 0x0000000088700000, 0x0000000088700000| Untracked 
| 108|0x0000000088800000, 0x0000000088800000, 0x0000000088900000|  0%| F|  |TAMS 0x0000000088800000, 0x0000000088800000| Untracked 
| 109|0x0000000088900000, 0x0000000088900000, 0x0000000088a00000|  0%| F|  |TAMS 0x0000000088900000, 0x0000000088900000| Untracked 
| 110|0x0000000088a00000, 0x0000000088a00000, 0x0000000088b00000|  0%| F|  |TAMS 0x0000000088a00000, 0x0000000088a00000| Untracked 
| 111|0x0000000088b00000, 0x0000000088b00000, 0x0000000088c00000|  0%| F|  |TAMS 0x0000000088b00000, 0x0000000088b00000| Untracked 
| 112|0x0000000088c00000, 0x0000000088c00000, 0x0000000088d00000|  0%| F|  |TAMS 0x0000000088c00000, 0x0000000088c00000| Untracked 
| 113|0x0000000088d00000, 0x0000000088d00000, 0x0000000088e00000|  0%| F|  |TAMS 0x0000000088d00000, 0x0000000088d00000| Untracked 
| 114|0x0000000088e00000, 0x0000000088e00000, 0x0000000088f00000|  0%| F|  |TAMS 0x0000000088e00000, 0x0000000088e00000| Untracked 
| 115|0x0000000088f00000, 0x0000000088f00000, 0x0000000089000000|  0%| F|  |TAMS 0x0000000088f00000, 0x0000000088f00000| Untracked 
| 116|0x0000000089000000, 0x0000000089000000, 0x0000000089100000|  0%| F|  |TAMS 0x0000000089000000, 0x0000000089000000| Untracked 
| 117|0x0000000089100000, 0x0000000089100000, 0x0000000089200000|  0%| F|  |TAMS 0x0000000089100000, 0x0000000089100000| Untracked 
| 118|0x0000000089200000, 0x0000000089200000, 0x0000000089300000|  0%| F|  |TAMS 0x0000000089200000, 0x0000000089200000| Untracked 
| 119|0x0000000089300000, 0x0000000089300000, 0x0000000089400000|  0%| F|  |TAMS 0x0000000089300000, 0x0000000089300000| Untracked 
| 120|0x0000000089400000, 0x0000000089400000, 0x0000000089500000|  0%| F|  |TAMS 0x0000000089400000, 0x0000000089400000| Untracked 
| 121|0x0000000089500000, 0x0000000089500000, 0x0000000089600000|  0%| F|  |TAMS 0x0000000089500000, 0x0000000089500000| Untracked 
| 122|0x0000000089600000, 0x0000000089600000, 0x0000000089700000|  0%| F|  |TAMS 0x0000000089600000, 0x0000000089600000| Untracked 
| 123|0x0000000089700000, 0x0000000089700000, 0x0000000089800000|  0%| F|  |TAMS 0x0000000089700000, 0x0000000089700000| Untracked 
| 124|0x0000000089800000, 0x0000000089800000, 0x0000000089900000|  0%| F|  |TAMS 0x0000000089800000, 0x0000000089800000| Untracked 
| 125|0x0000000089900000, 0x0000000089900000, 0x0000000089a00000|  0%| F|  |TAMS 0x0000000089900000, 0x0000000089900000| Untracked 
| 126|0x0000000089a00000, 0x0000000089a00000, 0x0000000089b00000|  0%| F|  |TAMS 0x0000000089a00000, 0x0000000089a00000| Untracked 
| 127|0x0000000089b00000, 0x0000000089b00000, 0x0000000089c00000|  0%| F|  |TAMS 0x0000000089b00000, 0x0000000089b00000| Untracked 
| 128|0x0000000089c00000, 0x0000000089c00000, 0x0000000089d00000|  0%| F|  |TAMS 0x0000000089c00000, 0x0000000089c00000| Untracked 
| 129|0x0000000089d00000, 0x0000000089d00000, 0x0000000089e00000|  0%| F|  |TAMS 0x0000000089d00000, 0x0000000089d00000| Untracked 
| 130|0x0000000089e00000, 0x0000000089e00000, 0x0000000089f00000|  0%| F|  |TAMS 0x0000000089e00000, 0x0000000089e00000| Untracked 
| 131|0x0000000089f00000, 0x0000000089f00000, 0x000000008a000000|  0%| F|  |TAMS 0x0000000089f00000, 0x0000000089f00000| Untracked 
| 132|0x000000008a000000, 0x000000008a000000, 0x000000008a100000|  0%| F|  |TAMS 0x000000008a000000, 0x000000008a000000| Untracked 
| 133|0x000000008a100000, 0x000000008a100000, 0x000000008a200000|  0%| F|  |TAMS 0x000000008a100000, 0x000000008a100000| Untracked 
| 134|0x000000008a200000, 0x000000008a200000, 0x000000008a300000|  0%| F|  |TAMS 0x000000008a200000, 0x000000008a200000| Untracked 
| 135|0x000000008a300000, 0x000000008a300000, 0x000000008a400000|  0%| F|  |TAMS 0x000000008a300000, 0x000000008a300000| Untracked 
| 136|0x000000008a400000, 0x000000008a400000, 0x000000008a500000|  0%| F|  |TAMS 0x000000008a400000, 0x000000008a400000| Untracked 
| 137|0x000000008a500000, 0x000000008a500000, 0x000000008a600000|  0%| F|  |TAMS 0x000000008a500000, 0x000000008a500000| Untracked 
| 138|0x000000008a600000, 0x000000008a600000, 0x000000008a700000|  0%| F|  |TAMS 0x000000008a600000, 0x000000008a600000| Untracked 
| 139|0x000000008a700000, 0x000000008a700000, 0x000000008a800000|  0%| F|  |TAMS 0x000000008a700000, 0x000000008a700000| Untracked 
| 140|0x000000008a800000, 0x000000008a800000, 0x000000008a900000|  0%| F|  |TAMS 0x000000008a800000, 0x000000008a800000| Untracked 
| 141|0x000000008a900000, 0x000000008a900000, 0x000000008aa00000|  0%| F|  |TAMS 0x000000008a900000, 0x000000008a900000| Untracked 
| 142|0x000000008aa00000, 0x000000008aa00000, 0x000000008ab00000|  0%| F|  |TAMS 0x000000008aa00000, 0x000000008aa00000| Untracked 
| 143|0x000000008ab00000, 0x000000008ab00000, 0x000000008ac00000|  0%| F|  |TAMS 0x000000008ab00000, 0x000000008ab00000| Untracked 
| 144|0x000000008ac00000, 0x000000008ac00000, 0x000000008ad00000|  0%| F|  |TAMS 0x000000008ac00000, 0x000000008ac00000| Untracked 
| 145|0x000000008ad00000, 0x000000008ad00000, 0x000000008ae00000|  0%| F|  |TAMS 0x000000008ad00000, 0x000000008ad00000| Untracked 
| 146|0x000000008ae00000, 0x000000008ae00000, 0x000000008af00000|  0%| F|  |TAMS 0x000000008ae00000, 0x000000008ae00000| Untracked 
| 147|0x000000008af00000, 0x000000008af00000, 0x000000008b000000|  0%| F|  |TAMS 0x000000008af00000, 0x000000008af00000| Untracked 
| 148|0x000000008b000000, 0x000000008b000000, 0x000000008b100000|  0%| F|  |TAMS 0x000000008b000000, 0x000000008b000000| Untracked 
| 149|0x000000008b100000, 0x000000008b100000, 0x000000008b200000|  0%| F|  |TAMS 0x000000008b100000, 0x000000008b100000| Untracked 
| 150|0x000000008b200000, 0x000000008b200000, 0x000000008b300000|  0%| F|  |TAMS 0x000000008b200000, 0x000000008b200000| Untracked 
| 151|0x000000008b300000, 0x000000008b300000, 0x000000008b400000|  0%| F|  |TAMS 0x000000008b300000, 0x000000008b300000| Untracked 
| 152|0x000000008b400000, 0x000000008b400000, 0x000000008b500000|  0%| F|  |TAMS 0x000000008b400000, 0x000000008b400000| Untracked 
| 153|0x000000008b500000, 0x000000008b500000, 0x000000008b600000|  0%| F|  |TAMS 0x000000008b500000, 0x000000008b500000| Untracked 

Card table byte_map: [0x0000025328040000,0x0000025328440000] _byte_map_base: 0x0000025327c32000

Marking Bits (Prev, Next): (CMBitMap*) 0x00000253105ec380, (CMBitMap*) 0x00000253105ec348
 Prev Bits: [0x000002532a7d0000, 0x000002532c760000)
 Next Bits: [0x0000025328840000, 0x000002532a7d0000)

Polling page: 0x000002530e3e0000

Metaspace:

Usage:
  Non-class:     28.31 MB capacity,    27.76 MB ( 98%) used,   511.19 KB (  2%) free+waste,    54.94 KB ( <1%) overhead. 
      Class:      3.54 MB capacity,     3.29 MB ( 93%) used,   234.88 KB (  6%) free+waste,    24.00 KB ( <1%) overhead. 
       Both:     31.85 MB capacity,    31.04 MB ( 97%) used,   746.07 KB (  2%) free+waste,    78.94 KB ( <1%) overhead. 

Virtual space:
  Non-class space:       30.00 MB reserved,      28.42 MB ( 95%) committed 
      Class space:        1.00 GB reserved,       3.63 MB ( <1%) committed 
             Both:        1.03 GB reserved,      32.05 MB (  3%) committed 

Chunk freelists:
   Non-Class:  6.38 KB
       Class:  3.00 KB
        Both:  9.38 KB

CodeHeap 'non-profiled nmethods': size=120000Kb used=3242Kb max_used=3242Kb free=116757Kb
 bounds [0x00000253203e0000, 0x0000025320710000, 0x0000025327910000]
CodeHeap 'profiled nmethods': size=120000Kb used=9652Kb max_used=10466Kb free=110347Kb
 bounds [0x0000025318eb0000, 0x0000025319910000, 0x00000253203e0000]
CodeHeap 'non-nmethods': size=5760Kb used=1157Kb max_used=1220Kb free=4602Kb
 bounds [0x0000025318910000, 0x0000025318b80000, 0x0000025318eb0000]
 total_blobs=6881 nmethods=4444 adapters=404
 compilation: enabled
              stopped_count=0, restarted_count=0
 full_count=0

Compilation events (10 events):
Event: 6.104 Thread 0x000002532fa63000 nmethod 5084 0x000002531935b390 code [0x000002531935b820, 0x000002531935e640]
Event: 6.109 Thread 0x000002532fa63000 5085       3       sun.net.www.protocol.jar.JarFileFactory::urlKey (39 bytes)
Event: 6.110 Thread 0x000002532fa63000 nmethod 5085 0x0000025319230590 code [0x0000025319230800, 0x00000253192310b0]
Event: 6.116 Thread 0x000002532fa63000 5086   !   3       sun.nio.fs.WindowsFileAttributes::get (236 bytes)
Event: 6.119 Thread 0x000002532fa63000 nmethod 5086 0x0000025319357a90 code [0x0000025319357fa0, 0x000002531935a0f0]
Event: 6.119 Thread 0x000002532fa61800 nmethod 5031 0x00000253206fd690 code [0x00000253206fdf60, 0x0000025320706810]
Event: 6.144 Thread 0x000002532fa63000 5087       1       org.apache.catalina.deploy.WebXml::setDistributable (6 bytes)
Event: 6.144 Thread 0x000002532fa63000 nmethod 5087 0x000002532070b590 code [0x000002532070b740, 0x000002532070b858]
Event: 6.152 Thread 0x000002532fa63000 5088       3       java.util.zip.ZipEntry::<init> (146 bytes)
Event: 6.152 Thread 0x000002532fa63000 nmethod 5088 0x00000253191d4d10 code [0x00000253191d4f00, 0x00000253191d54f0]

GC Heap History (10 events):
Event: 4.394 GC heap after
{Heap after GC invocations=7 (full 0):
 garbage-first heap   total 157696K, used 24378K [0x0000000081c00000, 0x0000000100000000)
  region size 1024K, 5 young (5120K), 5 survivors (5120K)
 Metaspace       used 31720K, capacity 32417K, committed 32560K, reserved 1079296K
  class space    used 3362K, capacity 3624K, committed 3712K, reserved 1048576K
}
Event: 4.728 GC heap before
{Heap before GC invocations=7 (full 0):
 garbage-first heap   total 157696K, used 111418K [0x0000000081c00000, 0x0000000100000000)
  region size 1024K, 90 young (92160K), 5 survivors (5120K)
 Metaspace       used 31730K, capacity 32417K, committed 32560K, reserved 1079296K
  class space    used 3362K, capacity 3624K, committed 3712K, reserved 1048576K
}
Event: 4.734 GC heap after
{Heap after GC invocations=8 (full 0):
 garbage-first heap   total 157696K, used 25753K [0x0000000081c00000, 0x0000000100000000)
  region size 1024K, 7 young (7168K), 7 survivors (7168K)
 Metaspace       used 31730K, capacity 32417K, committed 32560K, reserved 1079296K
  class space    used 3362K, capacity 3624K, committed 3712K, reserved 1048576K
}
Event: 5.094 GC heap before
{Heap before GC invocations=8 (full 0):
 garbage-first heap   total 157696K, used 112793K [0x0000000081c00000, 0x0000000100000000)
  region size 1024K, 92 young (94208K), 7 survivors (7168K)
 Metaspace       used 31731K, capacity 32481K, committed 32816K, reserved 1079296K
  class space    used 3362K, capacity 3624K, committed 3712K, reserved 1048576K
}
Event: 5.100 GC heap after
{Heap after GC invocations=9 (full 0):
 garbage-first heap   total 157696K, used 26426K [0x0000000081c00000, 0x0000000100000000)
  region size 1024K, 7 young (7168K), 7 survivors (7168K)
 Metaspace       used 31731K, capacity 32481K, committed 32816K, reserved 1079296K
  class space    used 3362K, capacity 3624K, committed 3712K, reserved 1048576K
}
Event: 5.539 GC heap before
{Heap before GC invocations=9 (full 0):
 garbage-first heap   total 157696K, used 113466K [0x0000000081c00000, 0x0000000100000000)
  region size 1024K, 92 young (94208K), 7 survivors (7168K)
 Metaspace       used 31749K, capacity 32481K, committed 32816K, reserved 1079296K
  class space    used 3363K, capacity 3624K, committed 3712K, reserved 1048576K
}
Event: 5.548 GC heap after
{Heap after GC invocations=10 (full 0):
 garbage-first heap   total 157696K, used 27733K [0x0000000081c00000, 0x0000000100000000)
  region size 1024K, 8 young (8192K), 8 survivors (8192K)
 Metaspace       used 31749K, capacity 32481K, committed 32816K, reserved 1079296K
  class space    used 3363K, capacity 3624K, committed 3712K, reserved 1048576K
}
Event: 5.878 GC heap before
{Heap before GC invocations=10 (full 0):
 garbage-first heap   total 157696K, used 113749K [0x0000000081c00000, 0x0000000100000000)
  region size 1024K, 92 young (94208K), 8 survivors (8192K)
 Metaspace       used 31764K, capacity 32549K, committed 32816K, reserved 1079296K
  class space    used 3365K, capacity 3624K, committed 3712K, reserved 1048576K
}
Event: 5.886 GC heap after
{Heap after GC invocations=11 (full 0):
 garbage-first heap   total 157696K, used 28415K [0x0000000081c00000, 0x0000000100000000)
  region size 1024K, 7 young (7168K), 7 survivors (7168K)
 Metaspace       used 31764K, capacity 32549K, committed 32816K, reserved 1079296K
  class space    used 3365K, capacity 3624K, committed 3712K, reserved 1048576K
}
Event: 6.156 GC heap before
{Heap before GC invocations=11 (full 0):
 garbage-first heap   total 157696K, used 115455K [0x0000000081c00000, 0x0000000100000000)
  region size 1024K, 92 young (94208K), 7 survivors (7168K)
 Metaspace       used 31787K, capacity 32613K, committed 32816K, reserved 1079296K
  class space    used 3365K, capacity 3624K, committed 3712K, reserved 1048576K
}

Deoptimization events (10 events):
Event: 3.954 Thread 0x00000253350cf000 Uncommon trap: reason=unstable_if action=reinterpret pc=0x00000253204430dc method=java.io.DataInputStream.readUTF(Ljava/io/DataInput;)Ljava/lang/String; @ 154 c2
Event: 4.065 Thread 0x00000253350cf000 Uncommon trap: reason=unstable_if action=reinterpret pc=0x00000253204620f8 method=org.apache.tomcat.util.bcel.classfile.ConstantUtf8$1.removeEldestEntry(Ljava/util/Map$Entry;)Z @ 7 c2
Event: 4.090 Thread 0x00000253350cf000 Uncommon trap: reason=unstable_if action=reinterpret pc=0x000002532062c1bc method=java.util.HashMap.removeNode(ILjava/lang/Object;Ljava/lang/Object;ZZ)Ljava/util/HashMap$Node; @ 71 c2
Event: 4.154 Thread 0x00000253350cf000 Uncommon trap: reason=intrinsic_or_type_checked_inlining action=make_not_entrant pc=0x00000253204c3540 method=java.util.ArrayList.toArray([Ljava/lang/Object;)[Ljava/lang/Object; @ 36 c2
Event: 4.185 Thread 0x00000253350cf000 Uncommon trap: reason=unstable_if action=reinterpret pc=0x000002532061a3c0 method=org.codehaus.plexus.classworlds.realm.Entry.matches(Ljava/lang/String;)Z @ 209 c2
Event: 4.722 Thread 0x00000253350cf000 Uncommon trap: reason=unstable_if action=reinterpret pc=0x000002532068cd10 method=org.apache.tomcat.util.bcel.classfile.Attribute.readAttribute(Ljava/io/DataInputStream;Lorg/apache/tomcat/util/bcel/classfile/ConstantPool;)Lorg/apache/tomcat/util/bcel/clas
Event: 5.177 Thread 0x00000253350cf000 Uncommon trap: reason=unstable_if action=reinterpret pc=0x000002532057a238 method=org.apache.catalina.startup.ContextConfig.getSCIsForClass(Ljava/lang/String;)Ljava/util/Set; @ 62 c2
Event: 5.177 Thread 0x00000253350cf000 Uncommon trap: reason=unstable_if action=reinterpret pc=0x00000253206c2578 method=org.apache.catalina.startup.ContextConfig.checkHandlesTypes(Lorg/apache/tomcat/util/bcel/classfile/JavaClass;)V @ 132 c2
Event: 5.748 Thread 0x00000253350cf000 Uncommon trap: reason=unstable_if action=reinterpret pc=0x00000253206cb518 method=org.apache.tomcat.util.bcel.classfile.JavaClass.<init>(IILjava/lang/String;IIILorg/apache/tomcat/util/bcel/classfile/ConstantPool;[I[Lorg/apache/tomcat/util/bcel/classfile/F
Event: 5.748 Thread 0x00000253350cf000 Uncommon trap: reason=unstable_if action=reinterpret pc=0x00000253206d8198 method=org.apache.tomcat.util.bcel.classfile.JavaClass.<init>(IILjava/lang/String;IIILorg/apache/tomcat/util/bcel/classfile/ConstantPool;[I[Lorg/apache/tomcat/util/bcel/classfile/F

Classes redefined (0 events):
No events

Internal exceptions (10 events):
Event: 3.336 Thread 0x00000253105ab800 Exception <a 'java/lang/NoSuchMethodError'{0x0000000089004948}: java.lang.invoke.DirectMethodHandle$Holder.invokeStatic(Ljava/lang/Object;Ljava/lang/Object;Ljava/lang/Object;Ljava/lang/Object;Ljava/lang/Object;Ljava/lang/Object;Ljava/lang/Object;Ljava/lan
Event: 3.339 Thread 0x00000253105ab800 Exception <a 'java/lang/NoSuchMethodError'{0x0000000089022ee0}: java.lang.invoke.DirectMethodHandle$Holder.invokeStatic(Ljava/lang/Object;Ljava/lang/Object;Ljava/lang/Object;Ljava/lang/Object;Ljava/lang/Object;Ljava/lang/Object;Ljava/lang/Object;Ljava/lan
Event: 3.340 Thread 0x00000253105ab800 Exception <a 'java/lang/NoSuchMethodError'{0x00000000890424e8}: java.lang.invoke.DirectMethodHandle$Holder.invokeStatic(Ljava/lang/Object;Ljava/lang/Object;Ljava/lang/Object;Ljava/lang/Object;Ljava/lang/Object;Ljava/lang/Object;Ljava/lang/Object;Ljava/lan
Event: 3.342 Thread 0x00000253105ab800 Exception <a 'java/lang/NoSuchMethodError'{0x0000000089063220}: java.lang.invoke.DirectMethodHandle$Holder.invokeStatic(Ljava/lang/Object;Ljava/lang/Object;Ljava/lang/Object;Ljava/lang/Object;Ljava/lang/Object;Ljava/lang/Object;Ljava/lang/Object;Ljava/lan
Event: 3.410 Thread 0x00000253105ab800 Exception <a 'java/lang/NoSuchMethodError'{0x0000000088ed2548}: java.lang.invoke.DirectMethodHandle$Holder.invokeStatic(Ljava/lang/Object;Ljava/lang/Object;Ljava/lang/Object;Ljava/lang/Object;Ljava/lang/Object;Ljava/lang/Object;Ljava/lang/Object;Ljava/lan
Event: 3.411 Thread 0x00000253105ab800 Exception <a 'java/lang/NoSuchMethodError'{0x0000000088ee03a0}: java.lang.invoke.DirectMethodHandle$Holder.invokeStatic(Ljava/lang/Object;Ljava/lang/Object;Ljava/lang/Object;Ljava/lang/Object;Ljava/lang/Object;Ljava/lang/Object;Ljava/lang/Object;Ljava/lan
Event: 3.412 Thread 0x00000253105ab800 Exception <a 'java/lang/NoSuchMethodError'{0x0000000088eee2b0}: java.lang.invoke.DirectMethodHandle$Holder.invokeSpecial(Ljava/lang/Object;Ljava/lang/Object;IILjava/lang/Object;Ljava/lang/Object;Ljava/lang/Object;)Ljava/lang/Object;> (0x0000000088eee2b0) 
Event: 3.412 Thread 0x00000253105ab800 Exception <a 'java/lang/NoSuchMethodError'{0x0000000088ef1ae0}: java.lang.invoke.DelegatingMethodHandle$Holder.reinvoke_L(Ljava/lang/Object;IILjava/lang/Object;Ljava/lang/Object;Ljava/lang/Object;)Ljava/lang/Object;> (0x0000000088ef1ae0) thrown at [t:/wor
Event: 3.412 Thread 0x00000253105ab800 Exception <a 'java/lang/NoSuchMethodError'{0x0000000088ef6110}: java.lang.invoke.DirectMethodHandle$Holder.invokeStatic(Ljava/lang/Object;Ljava/lang/Object;Ljava/lang/Object;Ljava/lang/Object;I)Ljava/lang/Object;> (0x0000000088ef6110) thrown at [t:/worksp
Event: 3.562 Thread 0x00000253105ab800 Exception <a 'java/lang/ClassNotFoundException'{0x0000000088748660}: sun/util/logging/resources/spi/loggingProvider> (0x0000000088748660) thrown at [t:/workspace/open/src/hotspot/share/classfile/systemDictionary.cpp, line 231]

Events (10 events):
Event: 5.748 Thread 0x00000253350cf000 Uncommon trap: trap_request=0xffffff4d fr.pc=0x00000253206d8198 relative=0x0000000000005d58
Event: 5.748 Thread 0x00000253350cf000 DEOPT PACKING pc=0x00000253206d8198 sp=0x00000060d9dfe890
Event: 5.748 Thread 0x00000253350cf000 DEOPT UNPACKING pc=0x0000025318938f2f sp=0x00000060d9dfe6c8 mode 2
Event: 5.763 loading class org/springframework/web/servlet/support/AbstractDispatcherServletInitializer
Event: 5.763 loading class org/springframework/web/servlet/support/AbstractDispatcherServletInitializer done
Event: 5.765 loading class org/springframework/web/servlet/support/AbstractAnnotationConfigDispatcherServletInitializer
Event: 5.765 loading class org/springframework/web/servlet/support/AbstractAnnotationConfigDispatcherServletInitializer done
Event: 5.878 Executing VM operation: G1CollectForAllocation
Event: 5.886 Executing VM operation: G1CollectForAllocation done
Event: 6.156 Executing VM operation: G1CollectForAllocation


Dynamic libraries:
0x00007ff70fd10000 - 0x00007ff70fd57000 	C:\Program Files\Java\jdk-11.0.5\bin\java.exe
0x00007ffdb9fe0000 - 0x00007ffdba1d0000 	C:\WINDOWS\SYSTEM32\ntdll.dll
0x00007ffdb8840000 - 0x00007ffdb88f2000 	C:\WINDOWS\System32\KERNEL32.DLL
0x00007ffdb7560000 - 0x00007ffdb7803000 	C:\WINDOWS\System32\KERNELBASE.dll
0x00007ffdb8e70000 - 0x00007ffdb8f13000 	C:\WINDOWS\System32\ADVAPI32.dll
0x00007ffdb8600000 - 0x00007ffdb869e000 	C:\WINDOWS\System32\msvcrt.dll
0x00007ffdb9110000 - 0x00007ffdb91a7000 	C:\WINDOWS\System32\sechost.dll
0x00007ffdb8ff0000 - 0x00007ffdb9110000 	C:\WINDOWS\System32\RPCRT4.dll
0x00007ffdb86a0000 - 0x00007ffdb8834000 	C:\WINDOWS\System32\USER32.dll
0x00007ffdb70c0000 - 0x00007ffdb70e1000 	C:\WINDOWS\System32\win32u.dll
0x00007ffdb85d0000 - 0x00007ffdb85f6000 	C:\WINDOWS\System32\GDI32.dll
0x00007ffdb7290000 - 0x00007ffdb7424000 	C:\WINDOWS\System32\gdi32full.dll
0x00007ffdb7140000 - 0x00007ffdb71de000 	C:\WINDOWS\System32\msvcp_win.dll
0x00007ffdb7430000 - 0x00007ffdb752a000 	C:\WINDOWS\System32\ucrtbase.dll
0x00007ffda9bb0000 - 0x00007ffda9e35000 	C:\WINDOWS\WinSxS\amd64_microsoft.windows.common-controls_6595b64144ccf1df_6.0.18362.592_none_e6c0b1911312be02\COMCTL32.dll
0x00007ffdb8130000 - 0x00007ffdb8466000 	C:\WINDOWS\System32\combase.dll
0x00007ffdabfe0000 - 0x00007ffdabfea000 	C:\WINDOWS\SYSTEM32\VERSION.dll
0x00007ffdb7810000 - 0x00007ffdb7890000 	C:\WINDOWS\System32\bcryptPrimitives.dll
0x00007ffdb8100000 - 0x00007ffdb812e000 	C:\WINDOWS\System32\IMM32.DLL
0x00007ffdb34a0000 - 0x00007ffdb34b6000 	C:\Program Files\Java\jdk-11.0.5\bin\vcruntime140.dll
0x00007ffdb0bd0000 - 0x00007ffdb0c7a000 	C:\Program Files\Java\jdk-11.0.5\bin\msvcp140.dll
0x00007ffd70e40000 - 0x00007ffd71968000 	C:\Program Files\Java\jdk-11.0.5\bin\server\jvm.dll
0x00007ffdb8a60000 - 0x00007ffdb8a68000 	C:\WINDOWS\System32\PSAPI.DLL
0x00007ffd9ab90000 - 0x00007ffd9ab99000 	C:\WINDOWS\SYSTEM32\WSOCK32.dll
0x00007ffdb4770000 - 0x00007ffdb4794000 	C:\WINDOWS\SYSTEM32\WINMM.dll
0x00007ffdb8bf0000 - 0x00007ffdb8c5f000 	C:\WINDOWS\System32\WS2_32.dll
0x00007ffdb4740000 - 0x00007ffdb476d000 	C:\WINDOWS\SYSTEM32\winmmbase.dll
0x00007ffdb70f0000 - 0x00007ffdb713a000 	C:\WINDOWS\System32\cfgmgr32.dll
0x00007ffdb6f10000 - 0x00007ffdb6f21000 	C:\WINDOWS\System32\kernel.appcore.dll
0x00007ffdb0f10000 - 0x00007ffdb0f21000 	C:\Program Files\Java\jdk-11.0.5\bin\verify.dll
0x00007ffd9dcc0000 - 0x00007ffd9deb4000 	C:\WINDOWS\SYSTEM32\DBGHELP.DLL
0x00007ffd9dc90000 - 0x00007ffd9dcba000 	C:\WINDOWS\SYSTEM32\dbgcore.DLL
0x00007ffdb0ba0000 - 0x00007ffdb0bc9000 	C:\Program Files\Java\jdk-11.0.5\bin\java.dll
0x00007ffdb0e10000 - 0x00007ffdb0e3f000 	C:\Program Files\Java\jdk-11.0.5\bin\instrument.dll
0x00007ffdb0ef0000 - 0x00007ffdb0f06000 	C:\Program Files\Java\jdk-11.0.5\bin\zip.dll
0x00007ffdb3500000 - 0x00007ffdb350a000 	C:\Program Files\Java\jdk-11.0.5\bin\jimage.dll
0x00007ffdb93d0000 - 0x00007ffdb9ab5000 	C:\WINDOWS\System32\SHELL32.dll
0x00007ffdb8a90000 - 0x00007ffdb8b39000 	C:\WINDOWS\System32\shcore.dll
0x00007ffdb7890000 - 0x00007ffdb800f000 	C:\WINDOWS\System32\windows.storage.dll
0x00007ffdb6f30000 - 0x00007ffdb6f4f000 	C:\WINDOWS\System32\profapi.dll
0x00007ffdb6ec0000 - 0x00007ffdb6f0a000 	C:\WINDOWS\System32\powrprof.dll
0x00007ffdb6eb0000 - 0x00007ffdb6ec0000 	C:\WINDOWS\System32\UMPDC.dll
0x00007ffdb9ac0000 - 0x00007ffdb9b12000 	C:\WINDOWS\System32\shlwapi.dll
0x00007ffdb8010000 - 0x00007ffdb8027000 	C:\WINDOWS\System32\cryptsp.dll
0x00007ffdb0d60000 - 0x00007ffdb0d79000 	C:\Program Files\Java\jdk-11.0.5\bin\net.dll
0x00007ffdaa300000 - 0x00007ffdaa3f0000 	C:\WINDOWS\SYSTEM32\WINHTTP.dll
0x00007ffdb6720000 - 0x00007ffdb6787000 	C:\WINDOWS\system32\mswsock.dll
0x00007ffdb0d10000 - 0x00007ffdb0d23000 	C:\Program Files\Java\jdk-11.0.5\bin\nio.dll
0x00007ffdb34c0000 - 0x00007ffdb34da000 	D:\IntelliJ IDEA 2019.1.4\bin\breakgen64.dll
0x00007ffdb6290000 - 0x00007ffdb62c3000 	C:\WINDOWS\system32\rsaenh.dll
0x00007ffdb7530000 - 0x00007ffdb7556000 	C:\WINDOWS\System32\bcrypt.dll
0x00007ffdb6dd0000 - 0x00007ffdb6df5000 	C:\WINDOWS\SYSTEM32\USERENV.dll
0x00007ffdb68f0000 - 0x00007ffdb68fc000 	C:\WINDOWS\SYSTEM32\CRYPTBASE.dll
0x00007ffdb6430000 - 0x00007ffdb646a000 	C:\WINDOWS\SYSTEM32\IPHLPAPI.DLL
0x00007ffdb9f90000 - 0x00007ffdb9f98000 	C:\WINDOWS\System32\NSI.dll
0x00007ffdac0d0000 - 0x00007ffdac0e6000 	C:\WINDOWS\SYSTEM32\dhcpcsvc6.DLL
0x00007ffdac8d0000 - 0x00007ffdac8ec000 	C:\WINDOWS\SYSTEM32\dhcpcsvc.DLL
0x00007ffdb6470000 - 0x00007ffdb653a000 	C:\WINDOWS\SYSTEM32\DNSAPI.dll
0x00007ffdb0df0000 - 0x00007ffdb0dfa000 	C:\Users\wzy\AppData\Local\Temp\jansi-1.16-17457821707336035505.dll
0x00007ffdb0de0000 - 0x00007ffdb0dea000 	C:\Users\wzy\AppData\Local\Temp\jansi-1.16-8195331414047679048.dll
0x00007ffdb3490000 - 0x00007ffdb3499000 	C:\Program Files\Java\jdk-11.0.5\bin\management.dll
0x00007ffdb0eb0000 - 0x00007ffdb0ebc000 	C:\Program Files\Java\jdk-11.0.5\bin\management_ext.dll

dbghelp: loaded successfully - version: 4.0.5 - missing functions: none
symbol engine: initialized successfully - sym options: 0x614 - pdb path: .;C:\Program Files\Java\jdk-11.0.5\bin;C:\WINDOWS\SYSTEM32;C:\WINDOWS\WinSxS\amd64_microsoft.windows.common-controls_6595b64144ccf1df_6.0.18362.592_none_e6c0b1911312be02;C:\Program Files\Java\jdk-11.0.5\bin\server;D:\IntelliJ IDEA 2019.1.4\bin;C:\Users\wzy\AppData\Local\Temp

VM Arguments:
jvm_args: -Dmaven.multiModuleProjectDirectory=C:\itcast_health\health_mobile_backend -DarchetypeCatalog=internal -Dmaven.home=D:\apache-maven-3.5.2 -Dclassworlds.conf=D:\apache-maven-3.5.2\bin\m2.conf -javaagent:D:\IntelliJ IDEA 2019.1.4\lib\idea_rt.jar=62972:D:\IntelliJ IDEA 2019.1.4\bin -Dfile.encoding=UTF-8 
java_command: org.codehaus.classworlds.Launcher -Didea.version2019.1.4 -s D:\apache-maven-3.5.2\conf\settings.xml -Dmaven.repo.local=D:\maven_repository tomcat7:run
java_class_path (initial): D:\apache-maven-3.5.2\boot\plexus-classworlds-2.5.2.jar
Launcher Type: SUN_STANDARD

[Global flags]
     intx CICompilerCount                          = 4                                         {product} {ergonomic}
     uint ConcGCThreads                            = 2                                         {product} {ergonomic}
     uint G1ConcRefinementThreads                  = 8                                         {product} {ergonomic}
   size_t G1HeapRegionSize                         = 1048576                                   {product} {ergonomic}
    uintx GCDrainStackTargetSize                   = 64                                        {product} {ergonomic}
   size_t InitialHeapSize                          = 134217728                                 {product} {ergonomic}
   size_t MarkStackSize                            = 4194304                                   {product} {ergonomic}
   size_t MaxHeapSize                              = 2118123520                                {product} {ergonomic}
   size_t MaxNewSize                               = 1270874112                                {product} {ergonomic}
   size_t MinHeapDeltaBytes                        = 1048576                                   {product} {ergonomic}
    uintx NonNMethodCodeHeapSize                   = 5836300                                {pd product} {ergonomic}
    uintx NonProfiledCodeHeapSize                  = 122910970                              {pd product} {ergonomic}
    uintx ProfiledCodeHeapSize                     = 122910970                              {pd product} {ergonomic}
    uintx ReservedCodeCacheSize                    = 251658240                              {pd product} {ergonomic}
     bool SegmentedCodeCache                       = true                                      {product} {ergonomic}
     bool UseCompressedClassPointers               = true                                 {lp64_product} {ergonomic}
     bool UseCompressedOops                        = true                                 {lp64_product} {ergonomic}
     bool UseG1GC                                  = true                                      {product} {ergonomic}
     bool UseLargePagesIndividualAllocation        = false                                  {pd product} {ergonomic}

Logging:
Log output configuration:
 #0: stdout all=warning uptime,level,tags
 #1: stderr all=off uptime,level,tags

Environment Variables:
JAVA_HOME=C:\Program Files\Java\jdk-11.0.5
CLASSPATH=.;C:\Program Files\Java\jdk-11.0.5\lib;C:\Program Files\Java\jdk-11.0.5\lib\tools.jar
PATH=D:\IntelliJ IDEA 2019.1.4\jre64\\bin;D:\IntelliJ IDEA 2019.1.4\jre64\\bin\server;C:\Program Files\Java\jdk-11.0.5\bin;C:\Program Files\Java\jdk-11.0.5\jre\bin;C:\Program Files (x86)\Intel\iCLS Client\;C:\Program Files\Intel\iCLS Client\;C:\Windows\system32;C:\Windows;C:\Windows\System32\Wbem;C:\Windows\System32\WindowsPowerShell\v1.0\;C:\Program Files (x86)\Intel\Intel(R) Management Engine Components\DAL;C:\Program Files\Intel\Intel(R) Management Engine Components\DAL;C:\Program Files (x86)\Intel\Intel(R) Management Engine Components\IPT;C:\Program Files\Intel\Intel(R) Management Engine Components\IPT;C:\Program Files (x86)\NVIDIA Corporation\PhysX\Common;C:\Program Files\Intel\WiFi\bin\;C:\Program Files\Common Files\Intel\WirelessCommon\;C:\WINDOWS\system32;C:\WINDOWS;C:\WINDOWS\System32\Wbem;C:\WINDOWS\System32\WindowsPowerShell\v1.0\;C:\WINDOWS\System32\OpenSSH\;C:\Program Files\MySQL\MySQL Server 5.5\bin;D:\apache-maven-3.5.2\bin;C:\Program Files\nodejs\;D:\Git\mingw64\libexec\git-core;D:\Git\mingw64\bin;C:\Program Files\Git\cmd;C:\Users\wzy\AppData\Local\Microsoft\WindowsApps;;D:\IntelliJ IDEA 2019.1.4\bin;;C:\Users\wzy\AppData\Roaming\npm
USERNAME=wzy
OS=Windows_NT
PROCESSOR_IDENTIFIER=Intel64 Family 6 Model 142 Stepping 10, GenuineIntel



---------------  S Y S T E M  ---------------

OS: Windows 10 , 64 bit Build 18362 (10.0.18362.329)

CPU:total 8 (initial active 8) (4 cores per cpu, 2 threads per core) family 6 model 142 stepping 10, cmov, cx8, fxsr, mmx, sse, sse2, sse3, ssse3, sse4.1, sse4.2, popcnt, avx, avx2, aes, clmul, erms, 3dnowpref, lzcnt, ht, tsc, tscinvbit, bmi1, bmi2, adx, fma

Memory: 4k page, system-wide physical 8076M (655M free)
TotalPageFile size 23377M (AvailPageFile size 26M)
current process WorkingSet (physical memory assigned to process): 330M, peak: 336M
current process commit charge ("private bytes"): 397M, peak: 431M

vm_info: Java HotSpot(TM) 64-Bit Server VM (11.0.5+10-LTS) for windows-amd64 JRE (11.0.5+10-LTS), built on Oct  6 2019 12:37:14 by "mach5one" with MS VC++ 15.5 (VS2017)

END.
